This is pdfTeX, Version 3.14159265-2.6-1.40.18 (TeX Live 2017/Debian) (preloaded format=pdflatex 2019.7.16)  2 DEC 2019 11:29
entering extended mode
 restricted \write18 enabled.
 %&-line parsing enabled.
**refman
(./refman.tex
LaTeX2e <2017-04-15>
Babel <3.18> and hyphenation patterns for 3 language(s) loaded.
(/usr/share/texlive/texmf-dist/tex/latex/base/article.cls
Document Class: article 2014/09/29 v1.4h Standard LaTeX document class
(/usr/share/texlive/texmf-dist/tex/latex/base/size10.clo
File: size10.clo 2014/09/29 v1.4h Standard LaTeX file (size option)
)
\c@part=\count79
\c@section=\count80
\c@subsection=\count81
\c@subsubsection=\count82
\c@paragraph=\count83
\c@subparagraph=\count84
\c@figure=\count85
\c@table=\count86
\abovecaptionskip=\skip41
\belowcaptionskip=\skip42
\bibindent=\dimen102
)
(/usr/share/texlive/texmf-dist/tex/latex/base/fixltx2e.sty
Package: fixltx2e 2016/12/29 v2.1a fixes to LaTeX (obsolete)
Applying: [2015/01/01] Old fixltx2e package on input line 46.


Package fixltx2e Warning: fixltx2e is not required with releases after 2015
(fixltx2e)                All fixes are now in the LaTeX kernel.
(fixltx2e)                See the latexrelease package for details.

Already applied: [0000/00/00] Old fixltx2e package on input line 53.
) (/usr/share/texlive/texmf-dist/tex/latex/tools/calc.sty
Package: calc 2014/10/28 v4.3 Infix arithmetic (KKT,FJ)
\calc@Acount=\count87
\calc@Bcount=\count88
\calc@Adimen=\dimen103
\calc@Bdimen=\dimen104
\calc@Askip=\skip43
\calc@Bskip=\skip44
LaTeX Info: Redefining \setlength on input line 80.
LaTeX Info: Redefining \addtolength on input line 81.
\calc@Ccount=\count89
\calc@Cskip=\skip45
) (./doxygen.sty
Package: doxygen 

(/usr/share/texlive/texmf-dist/tex/latex/base/alltt.sty
Package: alltt 1997/06/16 v2.0g defines alltt environment
)
(/usr/share/texlive/texmf-dist/tex/latex/tools/array.sty
Package: array 2016/10/06 v2.4d Tabular extension package (FMi)
\col@sep=\dimen105
\extrarowheight=\dimen106
\NC@list=\toks14
\extratabsurround=\skip46
\backup@length=\skip47
)
(/usr/share/texlive/texmf-dist/tex/latex/float/float.sty
Package: float 2001/11/08 v1.3d Float enhancements (AL)
\c@float@type=\count90
\float@exts=\toks15
\float@box=\box26
\@float@everytoks=\toks16
\@floatcapt=\box27
)
(/usr/share/texlive/texmf-dist/tex/latex/base/ifthen.sty
Package: ifthen 2014/09/29 v1.1c Standard LaTeX ifthen package (DPC)
)
(/usr/share/texlive/texmf-dist/tex/latex/tools/verbatim.sty
Package: verbatim 2014/10/28 v1.5q LaTeX2e package for verbatim enhancements
\every@verbatim=\toks17
\verbatim@line=\toks18
\verbatim@in@stream=\read1
)
(/usr/share/texlive/texmf-dist/tex/latex/xcolor/xcolor.sty
Package: xcolor 2016/05/11 v2.12 LaTeX color extensions (UK)

(/usr/share/texlive/texmf-dist/tex/latex/graphics-cfg/color.cfg
File: color.cfg 2016/01/02 v1.6 sample color configuration
)
Package xcolor Info: Driver file: pdftex.def on input line 225.

(/usr/share/texlive/texmf-dist/tex/latex/graphics-def/pdftex.def
File: pdftex.def 2018/01/08 v1.0l Graphics/color driver for pdftex
)
(/usr/share/texlive/texmf-dist/tex/latex/colortbl/colortbl.sty
Package: colortbl 2012/02/13 v1.0a Color table columns (DPC)
\everycr=\toks19
\minrowclearance=\skip48
)
\rownum=\count91
Package xcolor Info: Model `cmy' substituted by `cmy0' on input line 1348.
Package xcolor Info: Model `hsb' substituted by `rgb' on input line 1352.
Package xcolor Info: Model `RGB' extended on input line 1364.
Package xcolor Info: Model `HTML' substituted by `rgb' on input line 1366.
Package xcolor Info: Model `Hsb' substituted by `hsb' on input line 1367.
Package xcolor Info: Model `tHsb' substituted by `hsb' on input line 1368.
Package xcolor Info: Model `HSB' substituted by `hsb' on input line 1369.
Package xcolor Info: Model `Gray' substituted by `gray' on input line 1370.
Package xcolor Info: Model `wave' substituted by `hsb' on input line 1371.
)
(/usr/share/texlive/texmf-dist/tex/latex/tools/longtable.sty
Package: longtable 2014/10/28 v4.11 Multi-page Table package (DPC)
\LTleft=\skip49
\LTright=\skip50
\LTpre=\skip51
\LTpost=\skip52
\LTchunksize=\count92
\LTcapwidth=\dimen107
\LT@head=\box28
\LT@firsthead=\box29
\LT@foot=\box30
\LT@lastfoot=\box31
\LT@cols=\count93
\LT@rows=\count94
\c@LT@tables=\count95
\c@LT@chunks=\count96
\LT@p@ftn=\toks20
)
(/usr/share/texlive/texmf-dist/tex/latex/tabu/tabu.sty
Package: tabu 2011/02/26 v2.8 - flexible LaTeX tabulars (FC)

(/usr/share/texlive/texmf-dist/tex/latex/varwidth/varwidth.sty
Package: varwidth 2009/03/30 ver 0.92;  Variable-width minipages
\@vwid@box=\box32
\sift@deathcycles=\count97
\@vwid@loff=\dimen108
\@vwid@roff=\dimen109
)
\c@taburow=\count98
\tabu@nbcols=\count99
\tabu@cnt=\count100
\tabu@Xcol=\count101
\tabu@alloc=\count102
\tabu@nested=\count103
\tabu@target=\dimen110
\tabu@spreadtarget=\dimen111
\tabu@naturalX=\dimen112
\tabucolX=\dimen113
\tabu@Xsum=\dimen114
\extrarowdepth=\dimen115
\abovetabulinesep=\dimen116
\belowtabulinesep=\dimen117
\tabustrutrule=\dimen118
\tabu@thebody=\toks21
\tabu@footnotes=\toks22
\tabu@box=\box33
\tabu@arstrutbox=\box34
\tabu@hleads=\box35
\tabu@vleads=\box36
\tabu@cellskip=\skip53
)
(/usr/share/texlive/texmf-dist/tex/latex/tools/tabularx.sty
Package: tabularx 2016/02/03 v2.11 `tabularx' package (DPC)
\TX@col@width=\dimen119
\TX@old@table=\dimen120
\TX@old@col=\dimen121
\TX@target=\dimen122
\TX@delta=\dimen123
\TX@cols=\count104
\TX@ftn=\toks23
)
(/usr/share/texlive/texmf-dist/tex/latex/multirow/multirow.sty
Package: multirow 2016/11/25 v2.2 Span multiple rows of a table
\multirow@colwidth=\skip54
\multirow@cntb=\count105
\multirow@dima=\skip55
\bigstrutjot=\dimen124
)
\xrefbox=\box37
\xreflength=\skip56
)
(/usr/share/texlive/texmf-dist/tex/latex/adjustbox/adjustbox.sty
Package: adjustbox 2012/05/21 v1.0 Adjusting TeX boxes (trim, clip, ...)

(/usr/share/texlive/texmf-dist/tex/latex/xkeyval/xkeyval.sty
Package: xkeyval 2014/12/03 v2.7a package option processing (HA)

(/usr/share/texlive/texmf-dist/tex/generic/xkeyval/xkeyval.tex
(/usr/share/texlive/texmf-dist/tex/generic/xkeyval/xkvutils.tex
\XKV@toks=\toks24
\XKV@tempa@toks=\toks25

(/usr/share/texlive/texmf-dist/tex/generic/xkeyval/keyval.tex))
\XKV@depth=\count106
File: xkeyval.tex 2014/12/03 v2.7a key=value parser (HA)
))
(/usr/share/texlive/texmf-dist/tex/latex/adjustbox/adjcalc.sty
Package: adjcalc 2012/05/16 v1.1 Provides advanced setlength with multiple back
-ends (calc, etex, pgfmath)
)
(/usr/share/texlive/texmf-dist/tex/latex/adjustbox/trimclip.sty
Package: trimclip 2012/05/16 v1.0 Trim and clip general TeX material

(/usr/share/texlive/texmf-dist/tex/latex/graphics/graphicx.sty
Package: graphicx 2017/06/01 v1.1a Enhanced LaTeX Graphics (DPC,SPQR)

(/usr/share/texlive/texmf-dist/tex/latex/graphics/graphics.sty
Package: graphics 2017/06/25 v1.2c Standard LaTeX Graphics (DPC,SPQR)

(/usr/share/texlive/texmf-dist/tex/latex/graphics/trig.sty
Package: trig 2016/01/03 v1.10 sin cos tan (DPC)
)
(/usr/share/texlive/texmf-dist/tex/latex/graphics-cfg/graphics.cfg
File: graphics.cfg 2016/06/04 v1.11 sample graphics configuration
)
Package graphics Info: Driver file: pdftex.def on input line 99.
)
\Gin@req@height=\dimen125
\Gin@req@width=\dimen126
)
(/usr/share/texlive/texmf-dist/tex/latex/collectbox/collectbox.sty
Package: collectbox 2012/05/17 v0.4b Collect macro arguments as boxes
\collectedbox=\box38
)
\tc@llx=\dimen127
\tc@lly=\dimen128
\tc@urx=\dimen129
\tc@ury=\dimen130
Package trimclip Info: Using driver 'tc-pdftex.def'.

(/usr/share/texlive/texmf-dist/tex/latex/adjustbox/tc-pdftex.def
File: tc-pdftex.def 2012/05/13 v1.0 Clipping driver for pdftex
))
\adjbox@Width=\dimen131
\adjbox@Height=\dimen132
\adjbox@Depth=\dimen133
\adjbox@Totalheight=\dimen134

(/usr/share/texlive/texmf-dist/tex/latex/ifoddpage/ifoddpage.sty
Package: ifoddpage 2016/04/23 v1.1 Conditionals for odd/even page detection
\c@checkoddpage=\count107
))
(/usr/share/texlive/texmf-dist/tex/latex/base/inputenc.sty
Package: inputenc 2015/03/17 v1.2c Input encoding file
\inpenc@prehook=\toks26
\inpenc@posthook=\toks27

(/usr/share/texlive/texmf-dist/tex/latex/base/utf8.def
File: utf8.def 2017/01/28 v1.1t UTF-8 support for inputenc
Now handling font encoding OML ...
... no UTF-8 mapping file for font encoding OML
Now handling font encoding T1 ...
... processing UTF-8 mapping file for font encoding T1

(/usr/share/texlive/texmf-dist/tex/latex/base/t1enc.dfu
File: t1enc.dfu 2017/01/28 v1.1t UTF-8 support for inputenc
   defining Unicode char U+00A0 (decimal 160)
   defining Unicode char U+00A1 (decimal 161)
   defining Unicode char U+00A3 (decimal 163)
   defining Unicode char U+00AB (decimal 171)
   defining Unicode char U+00AD (decimal 173)
   defining Unicode char U+00BB (decimal 187)
   defining Unicode char U+00BF (decimal 191)
   defining Unicode char U+00C0 (decimal 192)
   defining Unicode char U+00C1 (decimal 193)
   defining Unicode char U+00C2 (decimal 194)
   defining Unicode char U+00C3 (decimal 195)
   defining Unicode char U+00C4 (decimal 196)
   defining Unicode char U+00C5 (decimal 197)
   defining Unicode char U+00C6 (decimal 198)
   defining Unicode char U+00C7 (decimal 199)
   defining Unicode char U+00C8 (decimal 200)
   defining Unicode char U+00C9 (decimal 201)
   defining Unicode char U+00CA (decimal 202)
   defining Unicode char U+00CB (decimal 203)
   defining Unicode char U+00CC (decimal 204)
   defining Unicode char U+00CD (decimal 205)
   defining Unicode char U+00CE (decimal 206)
   defining Unicode char U+00CF (decimal 207)
   defining Unicode char U+00D0 (decimal 208)
   defining Unicode char U+00D1 (decimal 209)
   defining Unicode char U+00D2 (decimal 210)
   defining Unicode char U+00D3 (decimal 211)
   defining Unicode char U+00D4 (decimal 212)
   defining Unicode char U+00D5 (decimal 213)
   defining Unicode char U+00D6 (decimal 214)
   defining Unicode char U+00D8 (decimal 216)
   defining Unicode char U+00D9 (decimal 217)
   defining Unicode char U+00DA (decimal 218)
   defining Unicode char U+00DB (decimal 219)
   defining Unicode char U+00DC (decimal 220)
   defining Unicode char U+00DD (decimal 221)
   defining Unicode char U+00DE (decimal 222)
   defining Unicode char U+00DF (decimal 223)
   defining Unicode char U+00E0 (decimal 224)
   defining Unicode char U+00E1 (decimal 225)
   defining Unicode char U+00E2 (decimal 226)
   defining Unicode char U+00E3 (decimal 227)
   defining Unicode char U+00E4 (decimal 228)
   defining Unicode char U+00E5 (decimal 229)
   defining Unicode char U+00E6 (decimal 230)
   defining Unicode char U+00E7 (decimal 231)
   defining Unicode char U+00E8 (decimal 232)
   defining Unicode char U+00E9 (decimal 233)
   defining Unicode char U+00EA (decimal 234)
   defining Unicode char U+00EB (decimal 235)
   defining Unicode char U+00EC (decimal 236)
   defining Unicode char U+00ED (decimal 237)
   defining Unicode char U+00EE (decimal 238)
   defining Unicode char U+00EF (decimal 239)
   defining Unicode char U+00F0 (decimal 240)
   defining Unicode char U+00F1 (decimal 241)
   defining Unicode char U+00F2 (decimal 242)
   defining Unicode char U+00F3 (decimal 243)
   defining Unicode char U+00F4 (decimal 244)
   defining Unicode char U+00F5 (decimal 245)
   defining Unicode char U+00F6 (decimal 246)
   defining Unicode char U+00F8 (decimal 248)
   defining Unicode char U+00F9 (decimal 249)
   defining Unicode char U+00FA (decimal 250)
   defining Unicode char U+00FB (decimal 251)
   defining Unicode char U+00FC (decimal 252)
   defining Unicode char U+00FD (decimal 253)
   defining Unicode char U+00FE (decimal 254)
   defining Unicode char U+00FF (decimal 255)
   defining Unicode char U+0100 (decimal 256)
   defining Unicode char U+0101 (decimal 257)
   defining Unicode char U+0102 (decimal 258)
   defining Unicode char U+0103 (decimal 259)
   defining Unicode char U+0104 (decimal 260)
   defining Unicode char U+0105 (decimal 261)
   defining Unicode char U+0106 (decimal 262)
   defining Unicode char U+0107 (decimal 263)
   defining Unicode char U+0108 (decimal 264)
   defining Unicode char U+0109 (decimal 265)
   defining Unicode char U+010A (decimal 266)
   defining Unicode char U+010B (decimal 267)
   defining Unicode char U+010C (decimal 268)
   defining Unicode char U+010D (decimal 269)
   defining Unicode char U+010E (decimal 270)
   defining Unicode char U+010F (decimal 271)
   defining Unicode char U+0110 (decimal 272)
   defining Unicode char U+0111 (decimal 273)
   defining Unicode char U+0112 (decimal 274)
   defining Unicode char U+0113 (decimal 275)
   defining Unicode char U+0114 (decimal 276)
   defining Unicode char U+0115 (decimal 277)
   defining Unicode char U+0116 (decimal 278)
   defining Unicode char U+0117 (decimal 279)
   defining Unicode char U+0118 (decimal 280)
   defining Unicode char U+0119 (decimal 281)
   defining Unicode char U+011A (decimal 282)
   defining Unicode char U+011B (decimal 283)
   defining Unicode char U+011C (decimal 284)
   defining Unicode char U+011D (decimal 285)
   defining Unicode char U+011E (decimal 286)
   defining Unicode char U+011F (decimal 287)
   defining Unicode char U+0120 (decimal 288)
   defining Unicode char U+0121 (decimal 289)
   defining Unicode char U+0122 (decimal 290)
   defining Unicode char U+0123 (decimal 291)
   defining Unicode char U+0124 (decimal 292)
   defining Unicode char U+0125 (decimal 293)
   defining Unicode char U+0128 (decimal 296)
   defining Unicode char U+0129 (decimal 297)
   defining Unicode char U+012A (decimal 298)
   defining Unicode char U+012B (decimal 299)
   defining Unicode char U+012C (decimal 300)
   defining Unicode char U+012D (decimal 301)
   defining Unicode char U+012E (decimal 302)
   defining Unicode char U+012F (decimal 303)
   defining Unicode char U+0130 (decimal 304)
   defining Unicode char U+0131 (decimal 305)
   defining Unicode char U+0132 (decimal 306)
   defining Unicode char U+0133 (decimal 307)
   defining Unicode char U+0134 (decimal 308)
   defining Unicode char U+0135 (decimal 309)
   defining Unicode char U+0136 (decimal 310)
   defining Unicode char U+0137 (decimal 311)
   defining Unicode char U+0139 (decimal 313)
   defining Unicode char U+013A (decimal 314)
   defining Unicode char U+013B (decimal 315)
   defining Unicode char U+013C (decimal 316)
   defining Unicode char U+013D (decimal 317)
   defining Unicode char U+013E (decimal 318)
   defining Unicode char U+0141 (decimal 321)
   defining Unicode char U+0142 (decimal 322)
   defining Unicode char U+0143 (decimal 323)
   defining Unicode char U+0144 (decimal 324)
   defining Unicode char U+0145 (decimal 325)
   defining Unicode char U+0146 (decimal 326)
   defining Unicode char U+0147 (decimal 327)
   defining Unicode char U+0148 (decimal 328)
   defining Unicode char U+014A (decimal 330)
   defining Unicode char U+014B (decimal 331)
   defining Unicode char U+014C (decimal 332)
   defining Unicode char U+014D (decimal 333)
   defining Unicode char U+014E (decimal 334)
   defining Unicode char U+014F (decimal 335)
   defining Unicode char U+0150 (decimal 336)
   defining Unicode char U+0151 (decimal 337)
   defining Unicode char U+0152 (decimal 338)
   defining Unicode char U+0153 (decimal 339)
   defining Unicode char U+0154 (decimal 340)
   defining Unicode char U+0155 (decimal 341)
   defining Unicode char U+0156 (decimal 342)
   defining Unicode char U+0157 (decimal 343)
   defining Unicode char U+0158 (decimal 344)
   defining Unicode char U+0159 (decimal 345)
   defining Unicode char U+015A (decimal 346)
   defining Unicode char U+015B (decimal 347)
   defining Unicode char U+015C (decimal 348)
   defining Unicode char U+015D (decimal 349)
   defining Unicode char U+015E (decimal 350)
   defining Unicode char U+015F (decimal 351)
   defining Unicode char U+0160 (decimal 352)
   defining Unicode char U+0161 (decimal 353)
   defining Unicode char U+0162 (decimal 354)
   defining Unicode char U+0163 (decimal 355)
   defining Unicode char U+0164 (decimal 356)
   defining Unicode char U+0165 (decimal 357)
   defining Unicode char U+0168 (decimal 360)
   defining Unicode char U+0169 (decimal 361)
   defining Unicode char U+016A (decimal 362)
   defining Unicode char U+016B (decimal 363)
   defining Unicode char U+016C (decimal 364)
   defining Unicode char U+016D (decimal 365)
   defining Unicode char U+016E (decimal 366)
   defining Unicode char U+016F (decimal 367)
   defining Unicode char U+0170 (decimal 368)
   defining Unicode char U+0171 (decimal 369)
   defining Unicode char U+0172 (decimal 370)
   defining Unicode char U+0173 (decimal 371)
   defining Unicode char U+0174 (decimal 372)
   defining Unicode char U+0175 (decimal 373)
   defining Unicode char U+0176 (decimal 374)
   defining Unicode char U+0177 (decimal 375)
   defining Unicode char U+0178 (decimal 376)
   defining Unicode char U+0179 (decimal 377)
   defining Unicode char U+017A (decimal 378)
   defining Unicode char U+017B (decimal 379)
   defining Unicode char U+017C (decimal 380)
   defining Unicode char U+017D (decimal 381)
   defining Unicode char U+017E (decimal 382)
   defining Unicode char U+01CD (decimal 461)
   defining Unicode char U+01CE (decimal 462)
   defining Unicode char U+01CF (decimal 463)
   defining Unicode char U+01D0 (decimal 464)
   defining Unicode char U+01D1 (decimal 465)
   defining Unicode char U+01D2 (decimal 466)
   defining Unicode char U+01D3 (decimal 467)
   defining Unicode char U+01D4 (decimal 468)
   defining Unicode char U+01E2 (decimal 482)
   defining Unicode char U+01E3 (decimal 483)
   defining Unicode char U+01E6 (decimal 486)
   defining Unicode char U+01E7 (decimal 487)
   defining Unicode char U+01E8 (decimal 488)
   defining Unicode char U+01E9 (decimal 489)
   defining Unicode char U+01EA (decimal 490)
   defining Unicode char U+01EB (decimal 491)
   defining Unicode char U+01F0 (decimal 496)
   defining Unicode char U+01F4 (decimal 500)
   defining Unicode char U+01F5 (decimal 501)
   defining Unicode char U+0218 (decimal 536)
   defining Unicode char U+0219 (decimal 537)
   defining Unicode char U+021A (decimal 538)
   defining Unicode char U+021B (decimal 539)
   defining Unicode char U+0232 (decimal 562)
   defining Unicode char U+0233 (decimal 563)
   defining Unicode char U+1E02 (decimal 7682)
   defining Unicode char U+1E03 (decimal 7683)
   defining Unicode char U+200C (decimal 8204)
   defining Unicode char U+2010 (decimal 8208)
   defining Unicode char U+2011 (decimal 8209)
   defining Unicode char U+2012 (decimal 8210)
   defining Unicode char U+2013 (decimal 8211)
   defining Unicode char U+2014 (decimal 8212)
   defining Unicode char U+2015 (decimal 8213)
   defining Unicode char U+2018 (decimal 8216)
   defining Unicode char U+2019 (decimal 8217)
   defining Unicode char U+201A (decimal 8218)
   defining Unicode char U+201C (decimal 8220)
   defining Unicode char U+201D (decimal 8221)
   defining Unicode char U+201E (decimal 8222)
   defining Unicode char U+2030 (decimal 8240)
   defining Unicode char U+2031 (decimal 8241)
   defining Unicode char U+2039 (decimal 8249)
   defining Unicode char U+203A (decimal 8250)
   defining Unicode char U+2423 (decimal 9251)
   defining Unicode char U+1E20 (decimal 7712)
   defining Unicode char U+1E21 (decimal 7713)
)
Now handling font encoding OT1 ...
... processing UTF-8 mapping file for font encoding OT1

(/usr/share/texlive/texmf-dist/tex/latex/base/ot1enc.dfu
File: ot1enc.dfu 2017/01/28 v1.1t UTF-8 support for inputenc
   defining Unicode char U+00A0 (decimal 160)
   defining Unicode char U+00A1 (decimal 161)
   defining Unicode char U+00A3 (decimal 163)
   defining Unicode char U+00AD (decimal 173)
   defining Unicode char U+00B8 (decimal 184)
   defining Unicode char U+00BF (decimal 191)
   defining Unicode char U+00C5 (decimal 197)
   defining Unicode char U+00C6 (decimal 198)
   defining Unicode char U+00D8 (decimal 216)
   defining Unicode char U+00DF (decimal 223)
   defining Unicode char U+00E6 (decimal 230)
   defining Unicode char U+00EC (decimal 236)
   defining Unicode char U+00ED (decimal 237)
   defining Unicode char U+00EE (decimal 238)
   defining Unicode char U+00EF (decimal 239)
   defining Unicode char U+00F8 (decimal 248)
   defining Unicode char U+0131 (decimal 305)
   defining Unicode char U+0141 (decimal 321)
   defining Unicode char U+0142 (decimal 322)
   defining Unicode char U+0152 (decimal 338)
   defining Unicode char U+0153 (decimal 339)
   defining Unicode char U+0174 (decimal 372)
   defining Unicode char U+0175 (decimal 373)
   defining Unicode char U+0176 (decimal 374)
   defining Unicode char U+0177 (decimal 375)
   defining Unicode char U+0218 (decimal 536)
   defining Unicode char U+0219 (decimal 537)
   defining Unicode char U+021A (decimal 538)
   defining Unicode char U+021B (decimal 539)
   defining Unicode char U+2013 (decimal 8211)
   defining Unicode char U+2014 (decimal 8212)
   defining Unicode char U+2018 (decimal 8216)
   defining Unicode char U+2019 (decimal 8217)
   defining Unicode char U+201C (decimal 8220)
   defining Unicode char U+201D (decimal 8221)
)
Now handling font encoding OMS ...
... processing UTF-8 mapping file for font encoding OMS

(/usr/share/texlive/texmf-dist/tex/latex/base/omsenc.dfu
File: omsenc.dfu 2017/01/28 v1.1t UTF-8 support for inputenc
   defining Unicode char U+00A7 (decimal 167)
   defining Unicode char U+00B6 (decimal 182)
   defining Unicode char U+00B7 (decimal 183)
   defining Unicode char U+2020 (decimal 8224)
   defining Unicode char U+2021 (decimal 8225)
   defining Unicode char U+2022 (decimal 8226)
)
Now handling font encoding OMX ...
... no UTF-8 mapping file for font encoding OMX
Now handling font encoding U ...
... no UTF-8 mapping file for font encoding U
   defining Unicode char U+00A9 (decimal 169)
   defining Unicode char U+00AA (decimal 170)
   defining Unicode char U+00AE (decimal 174)
   defining Unicode char U+00BA (decimal 186)
   defining Unicode char U+02C6 (decimal 710)
   defining Unicode char U+02DC (decimal 732)
   defining Unicode char U+200C (decimal 8204)
   defining Unicode char U+2026 (decimal 8230)
   defining Unicode char U+2122 (decimal 8482)
   defining Unicode char U+2423 (decimal 9251)
))
(/usr/share/texlive/texmf-dist/tex/latex/base/makeidx.sty
Package: makeidx 2014/09/29 v1.0m Standard LaTeX package
)
(/usr/share/texlive/texmf-dist/tex/latex/tools/multicol.sty
Package: multicol 2017/04/11 v1.8q multicolumn formatting (FMi)
\c@tracingmulticols=\count108
\mult@box=\box39
\multicol@leftmargin=\dimen135
\c@unbalance=\count109
\c@collectmore=\count110
\doublecol@number=\count111
\multicoltolerance=\count112
\multicolpretolerance=\count113
\full@width=\dimen136
\page@free=\dimen137
\premulticols=\dimen138
\postmulticols=\dimen139
\multicolsep=\skip57
\multicolbaselineskip=\skip58
\partial@page=\box40
\last@line=\box41
\maxbalancingoverflow=\dimen140
\mult@rightbox=\box42
\mult@grightbox=\box43
\mult@gfirstbox=\box44
\mult@firstbox=\box45
\@tempa=\box46
\@tempa=\box47
\@tempa=\box48
\@tempa=\box49
\@tempa=\box50
\@tempa=\box51
\@tempa=\box52
\@tempa=\box53
\@tempa=\box54
\@tempa=\box55
\@tempa=\box56
\@tempa=\box57
\@tempa=\box58
\@tempa=\box59
\@tempa=\box60
\@tempa=\box61
\@tempa=\box62
\c@columnbadness=\count114
\c@finalcolumnbadness=\count115
\last@try=\dimen141
\multicolovershoot=\dimen142
\multicolundershoot=\dimen143
\mult@nat@firstbox=\box63
\colbreak@box=\box64
\mc@col@check@num=\count116
)
(/usr/share/texlive/texmf-dist/tex/latex/base/textcomp.sty
Package: textcomp 2017/04/05 v2.0i Standard LaTeX package
Package textcomp Info: Sub-encoding information:
(textcomp)               5 = only ISO-Adobe without \textcurrency
(textcomp)               4 = 5 + \texteuro
(textcomp)               3 = 4 + \textohm
(textcomp)               2 = 3 + \textestimated + \textcurrency
(textcomp)               1 = TS1 - \textcircled - \t
(textcomp)               0 = TS1 (full)
(textcomp)             Font families with sub-encoding setting implement
(textcomp)             only a restricted character set as indicated.
(textcomp)             Family '?' is the default used for unknown fonts.
(textcomp)             See the documentation for details.
Package textcomp Info: Setting ? sub-encoding to TS1/1 on input line 79.

(/usr/share/texlive/texmf-dist/tex/latex/base/ts1enc.def
File: ts1enc.def 2001/06/05 v3.0e (jk/car/fm) Standard LaTeX file
Now handling font encoding TS1 ...
... processing UTF-8 mapping file for font encoding TS1

(/usr/share/texlive/texmf-dist/tex/latex/base/ts1enc.dfu
File: ts1enc.dfu 2017/01/28 v1.1t UTF-8 support for inputenc
   defining Unicode char U+00A2 (decimal 162)
   defining Unicode char U+00A3 (decimal 163)
   defining Unicode char U+00A4 (decimal 164)
   defining Unicode char U+00A5 (decimal 165)
   defining Unicode char U+00A6 (decimal 166)
   defining Unicode char U+00A7 (decimal 167)
   defining Unicode char U+00A8 (decimal 168)
   defining Unicode char U+00A9 (decimal 169)
   defining Unicode char U+00AA (decimal 170)
   defining Unicode char U+00AC (decimal 172)
   defining Unicode char U+00AE (decimal 174)
   defining Unicode char U+00AF (decimal 175)
   defining Unicode char U+00B0 (decimal 176)
   defining Unicode char U+00B1 (decimal 177)
   defining Unicode char U+00B2 (decimal 178)
   defining Unicode char U+00B3 (decimal 179)
   defining Unicode char U+00B4 (decimal 180)
   defining Unicode char U+00B5 (decimal 181)
   defining Unicode char U+00B6 (decimal 182)
   defining Unicode char U+00B7 (decimal 183)
   defining Unicode char U+00B9 (decimal 185)
   defining Unicode char U+00BA (decimal 186)
   defining Unicode char U+00BC (decimal 188)
   defining Unicode char U+00BD (decimal 189)
   defining Unicode char U+00BE (decimal 190)
   defining Unicode char U+00D7 (decimal 215)
   defining Unicode char U+00F7 (decimal 247)
   defining Unicode char U+0192 (decimal 402)
   defining Unicode char U+02C7 (decimal 711)
   defining Unicode char U+02D8 (decimal 728)
   defining Unicode char U+02DD (decimal 733)
   defining Unicode char U+0E3F (decimal 3647)
   defining Unicode char U+2016 (decimal 8214)
   defining Unicode char U+2020 (decimal 8224)
   defining Unicode char U+2021 (decimal 8225)
   defining Unicode char U+2022 (decimal 8226)
   defining Unicode char U+2030 (decimal 8240)
   defining Unicode char U+2031 (decimal 8241)
   defining Unicode char U+203B (decimal 8251)
   defining Unicode char U+203D (decimal 8253)
   defining Unicode char U+2044 (decimal 8260)
   defining Unicode char U+204E (decimal 8270)
   defining Unicode char U+2052 (decimal 8274)
   defining Unicode char U+20A1 (decimal 8353)
   defining Unicode char U+20A4 (decimal 8356)
   defining Unicode char U+20A6 (decimal 8358)
   defining Unicode char U+20A9 (decimal 8361)
   defining Unicode char U+20AB (decimal 8363)
   defining Unicode char U+20AC (decimal 8364)
   defining Unicode char U+20B1 (decimal 8369)
   defining Unicode char U+2103 (decimal 8451)
   defining Unicode char U+2116 (decimal 8470)
   defining Unicode char U+2117 (decimal 8471)
   defining Unicode char U+211E (decimal 8478)
   defining Unicode char U+2120 (decimal 8480)
   defining Unicode char U+2122 (decimal 8482)
   defining Unicode char U+2126 (decimal 8486)
   defining Unicode char U+2127 (decimal 8487)
   defining Unicode char U+212E (decimal 8494)
   defining Unicode char U+2190 (decimal 8592)
   defining Unicode char U+2191 (decimal 8593)
   defining Unicode char U+2192 (decimal 8594)
   defining Unicode char U+2193 (decimal 8595)
   defining Unicode char U+2329 (decimal 9001)
   defining Unicode char U+232A (decimal 9002)
   defining Unicode char U+2422 (decimal 9250)
   defining Unicode char U+25E6 (decimal 9702)
   defining Unicode char U+25EF (decimal 9711)
   defining Unicode char U+266A (decimal 9834)
))
LaTeX Info: Redefining \oldstylenums on input line 334.
Package textcomp Info: Setting cmr sub-encoding to TS1/0 on input line 349.
Package textcomp Info: Setting cmss sub-encoding to TS1/0 on input line 350.
Package textcomp Info: Setting cmtt sub-encoding to TS1/0 on input line 351.
Package textcomp Info: Setting cmvtt sub-encoding to TS1/0 on input line 352.
Package textcomp Info: Setting cmbr sub-encoding to TS1/0 on input line 353.
Package textcomp Info: Setting cmtl sub-encoding to TS1/0 on input line 354.
Package textcomp Info: Setting ccr sub-encoding to TS1/0 on input line 355.
Package textcomp Info: Setting ptm sub-encoding to TS1/4 on input line 356.
Package textcomp Info: Setting pcr sub-encoding to TS1/4 on input line 357.
Package textcomp Info: Setting phv sub-encoding to TS1/4 on input line 358.
Package textcomp Info: Setting ppl sub-encoding to TS1/3 on input line 359.
Package textcomp Info: Setting pag sub-encoding to TS1/4 on input line 360.
Package textcomp Info: Setting pbk sub-encoding to TS1/4 on input line 361.
Package textcomp Info: Setting pnc sub-encoding to TS1/4 on input line 362.
Package textcomp Info: Setting pzc sub-encoding to TS1/4 on input line 363.
Package textcomp Info: Setting bch sub-encoding to TS1/4 on input line 364.
Package textcomp Info: Setting put sub-encoding to TS1/5 on input line 365.
Package textcomp Info: Setting uag sub-encoding to TS1/5 on input line 366.
Package textcomp Info: Setting ugq sub-encoding to TS1/5 on input line 367.
Package textcomp Info: Setting ul8 sub-encoding to TS1/4 on input line 368.
Package textcomp Info: Setting ul9 sub-encoding to TS1/4 on input line 369.
Package textcomp Info: Setting augie sub-encoding to TS1/5 on input line 370.
Package textcomp Info: Setting dayrom sub-encoding to TS1/3 on input line 371.
Package textcomp Info: Setting dayroms sub-encoding to TS1/3 on input line 372.

Package textcomp Info: Setting pxr sub-encoding to TS1/0 on input line 373.
Package textcomp Info: Setting pxss sub-encoding to TS1/0 on input line 374.
Package textcomp Info: Setting pxtt sub-encoding to TS1/0 on input line 375.
Package textcomp Info: Setting txr sub-encoding to TS1/0 on input line 376.
Package textcomp Info: Setting txss sub-encoding to TS1/0 on input line 377.
Package textcomp Info: Setting txtt sub-encoding to TS1/0 on input line 378.
Package textcomp Info: Setting lmr sub-encoding to TS1/0 on input line 379.
Package textcomp Info: Setting lmdh sub-encoding to TS1/0 on input line 380.
Package textcomp Info: Setting lmss sub-encoding to TS1/0 on input line 381.
Package textcomp Info: Setting lmssq sub-encoding to TS1/0 on input line 382.
Package textcomp Info: Setting lmvtt sub-encoding to TS1/0 on input line 383.
Package textcomp Info: Setting lmtt sub-encoding to TS1/0 on input line 384.
Package textcomp Info: Setting qhv sub-encoding to TS1/0 on input line 385.
Package textcomp Info: Setting qag sub-encoding to TS1/0 on input line 386.
Package textcomp Info: Setting qbk sub-encoding to TS1/0 on input line 387.
Package textcomp Info: Setting qcr sub-encoding to TS1/0 on input line 388.
Package textcomp Info: Setting qcs sub-encoding to TS1/0 on input line 389.
Package textcomp Info: Setting qpl sub-encoding to TS1/0 on input line 390.
Package textcomp Info: Setting qtm sub-encoding to TS1/0 on input line 391.
Package textcomp Info: Setting qzc sub-encoding to TS1/0 on input line 392.
Package textcomp Info: Setting qhvc sub-encoding to TS1/0 on input line 393.
Package textcomp Info: Setting futs sub-encoding to TS1/4 on input line 394.
Package textcomp Info: Setting futx sub-encoding to TS1/4 on input line 395.
Package textcomp Info: Setting futj sub-encoding to TS1/4 on input line 396.
Package textcomp Info: Setting hlh sub-encoding to TS1/3 on input line 397.
Package textcomp Info: Setting hls sub-encoding to TS1/3 on input line 398.
Package textcomp Info: Setting hlst sub-encoding to TS1/3 on input line 399.
Package textcomp Info: Setting hlct sub-encoding to TS1/5 on input line 400.
Package textcomp Info: Setting hlx sub-encoding to TS1/5 on input line 401.
Package textcomp Info: Setting hlce sub-encoding to TS1/5 on input line 402.
Package textcomp Info: Setting hlcn sub-encoding to TS1/5 on input line 403.
Package textcomp Info: Setting hlcw sub-encoding to TS1/5 on input line 404.
Package textcomp Info: Setting hlcf sub-encoding to TS1/5 on input line 405.
Package textcomp Info: Setting pplx sub-encoding to TS1/3 on input line 406.
Package textcomp Info: Setting pplj sub-encoding to TS1/3 on input line 407.
Package textcomp Info: Setting ptmx sub-encoding to TS1/4 on input line 408.
Package textcomp Info: Setting ptmj sub-encoding to TS1/4 on input line 409.
)
(/usr/share/texlive/texmf-dist/tex/latex/wasysym/wasysym.sty
Package: wasysym 2003/10/30 v2.0 Wasy-2 symbol support package
\symwasy=\mathgroup4
LaTeX Font Info:    Overwriting symbol font `wasy' in version `bold'
(Font)                  U/wasy/m/n --> U/wasy/b/n on input line 90.
)
(/usr/share/texlive/texmf-dist/tex/latex/base/fontenc.sty
Package: fontenc 2017/04/05 v2.0i Standard LaTeX package

(/usr/share/texlive/texmf-dist/tex/latex/base/t1enc.def
File: t1enc.def 2017/04/05 v2.0i Standard LaTeX file
LaTeX Font Info:    Redeclaring font encoding T1 on input line 48.
))
(/usr/share/texlive/texmf-dist/tex/latex/psnfss/helvet.sty
Package: helvet 2005/04/12 PSNFSS-v9.2a (WaS) 
)
(/usr/share/texlive/texmf-dist/tex/latex/psnfss/courier.sty
Package: courier 2005/04/12 PSNFSS-v9.2a (WaS) 
)
(/usr/share/texlive/texmf-dist/tex/latex/amsfonts/amssymb.sty
Package: amssymb 2013/01/14 v3.01 AMS font symbols

(/usr/share/texlive/texmf-dist/tex/latex/amsfonts/amsfonts.sty
Package: amsfonts 2013/01/14 v3.01 Basic AMSFonts support
\@emptytoks=\toks28
\symAMSa=\mathgroup5
\symAMSb=\mathgroup6
LaTeX Font Info:    Overwriting math alphabet `\mathfrak' in version `bold'
(Font)                  U/euf/m/n --> U/euf/b/n on input line 106.
))
(/usr/share/texlive/texmf-dist/tex/latex/sectsty/sectsty.sty
Package: sectsty 2002/02/25 v2.0.2 Commands to change all sectional heading sty
les
)
(/usr/share/texlive/texmf-dist/tex/latex/geometry/geometry.sty
Package: geometry 2010/09/12 v5.6 Page Geometry

(/usr/share/texlive/texmf-dist/tex/generic/oberdiek/ifpdf.sty
Package: ifpdf 2017/03/15 v3.2 Provides the ifpdf switch
)
(/usr/share/texlive/texmf-dist/tex/generic/oberdiek/ifvtex.sty
Package: ifvtex 2016/05/16 v1.6 Detect VTeX and its facilities (HO)
Package ifvtex Info: VTeX not detected.
)
(/usr/share/texlive/texmf-dist/tex/generic/ifxetex/ifxetex.sty
Package: ifxetex 2010/09/12 v0.6 Provides ifxetex conditional
)
\Gm@cnth=\count117
\Gm@cntv=\count118
\c@Gm@tempcnt=\count119
\Gm@bindingoffset=\dimen144
\Gm@wd@mp=\dimen145
\Gm@odd@mp=\dimen146
\Gm@even@mp=\dimen147
\Gm@layoutwidth=\dimen148
\Gm@layoutheight=\dimen149
\Gm@layouthoffset=\dimen150
\Gm@layoutvoffset=\dimen151
\Gm@dimlist=\toks29
)
(/usr/share/texlive/texmf-dist/tex/latex/fancyhdr/fancyhdr.sty
Package: fancyhdr 2017/06/30 v3.9a Extensive control of page headers and footer
s
\f@nch@headwidth=\skip59
\f@nch@O@elh=\skip60
\f@nch@O@erh=\skip61
\f@nch@O@olh=\skip62
\f@nch@O@orh=\skip63
\f@nch@O@elf=\skip64
\f@nch@O@erf=\skip65
\f@nch@O@olf=\skip66
\f@nch@O@orf=\skip67
)
(/usr/share/texlive/texmf-dist/tex/latex/natbib/natbib.sty
Package: natbib 2010/09/13 8.31b (PWD, AO)
\bibhang=\skip68
\bibsep=\skip69
LaTeX Info: Redefining \cite on input line 694.
\c@NAT@ctr=\count120
)
(/usr/share/texlive/texmf-dist/tex/latex/tocloft/tocloft.sty
Package: tocloft 2017/08/31 v2.3i parameterised ToC, etc., typesetting
Package tocloft Info: The document has section divisions on input line 51.
\cftparskip=\skip70
\cftbeforetoctitleskip=\skip71
\cftaftertoctitleskip=\skip72
\cftbeforepartskip=\skip73
\cftpartnumwidth=\skip74
\cftpartindent=\skip75
\cftbeforesecskip=\skip76
\cftsecindent=\skip77
\cftsecnumwidth=\skip78
\cftbeforesubsecskip=\skip79
\cftsubsecindent=\skip80
\cftsubsecnumwidth=\skip81
\cftbeforesubsubsecskip=\skip82
\cftsubsubsecindent=\skip83
\cftsubsubsecnumwidth=\skip84
\cftbeforeparaskip=\skip85
\cftparaindent=\skip86
\cftparanumwidth=\skip87
\cftbeforesubparaskip=\skip88
\cftsubparaindent=\skip89
\cftsubparanumwidth=\skip90
\cftbeforeloftitleskip=\skip91
\cftafterloftitleskip=\skip92
\cftbeforefigskip=\skip93
\cftfigindent=\skip94
\cftfignumwidth=\skip95
\c@lofdepth=\count121
\c@lotdepth=\count122
\cftbeforelottitleskip=\skip96
\cftafterlottitleskip=\skip97
\cftbeforetabskip=\skip98
\cfttabindent=\skip99
\cfttabnumwidth=\skip100
)
\@indexfile=\write3
\openout3 = `refman.idx'.


Writing index file refman.idx
(/usr/share/texlive/texmf-dist/tex/latex/hyperref/hyperref.sty
Package: hyperref 2018/02/06 v6.86b Hypertext links for LaTeX

(/usr/share/texlive/texmf-dist/tex/generic/oberdiek/hobsub-hyperref.sty
Package: hobsub-hyperref 2016/05/16 v1.14 Bundle oberdiek, subset hyperref (HO)


(/usr/share/texlive/texmf-dist/tex/generic/oberdiek/hobsub-generic.sty
Package: hobsub-generic 2016/05/16 v1.14 Bundle oberdiek, subset generic (HO)
Package: hobsub 2016/05/16 v1.14 Construct package bundles (HO)
Package: infwarerr 2016/05/16 v1.4 Providing info/warning/error messages (HO)
Package: ltxcmds 2016/05/16 v1.23 LaTeX kernel commands for general use (HO)
Package: ifluatex 2016/05/16 v1.4 Provides the ifluatex switch (HO)
Package ifluatex Info: LuaTeX not detected.
Package hobsub Info: Skipping package `ifvtex' (already loaded).
Package: intcalc 2016/05/16 v1.2 Expandable calculations with integers (HO)
Package hobsub Info: Skipping package `ifpdf' (already loaded).
Package: etexcmds 2016/05/16 v1.6 Avoid name clashes with e-TeX commands (HO)
Package etexcmds Info: Could not find \expanded.
(etexcmds)             That can mean that you are not using pdfTeX 1.50 or
(etexcmds)             that some package has redefined \expanded.
(etexcmds)             In the latter case, load this package earlier.
Package: kvsetkeys 2016/05/16 v1.17 Key value parser (HO)
Package: kvdefinekeys 2016/05/16 v1.4 Define keys (HO)
Package: pdftexcmds 2018/01/21 v0.26 Utility functions of pdfTeX for LuaTeX (HO
)
Package pdftexcmds Info: LuaTeX not detected.
Package pdftexcmds Info: \pdf@primitive is available.
Package pdftexcmds Info: \pdf@ifprimitive is available.
Package pdftexcmds Info: \pdfdraftmode found.
Package: pdfescape 2016/05/16 v1.14 Implements pdfTeX's escape features (HO)
Package: bigintcalc 2016/05/16 v1.4 Expandable calculations on big integers (HO
)
Package: bitset 2016/05/16 v1.2 Handle bit-vector datatype (HO)
Package: uniquecounter 2016/05/16 v1.3 Provide unlimited unique counter (HO)
)
Package hobsub Info: Skipping package `hobsub' (already loaded).
Package: letltxmacro 2016/05/16 v1.5 Let assignment for LaTeX macros (HO)
Package: hopatch 2016/05/16 v1.3 Wrapper for package hooks (HO)
Package: xcolor-patch 2016/05/16 xcolor patch
Package: atveryend 2016/05/16 v1.9 Hooks at the very end of document (HO)
Package atveryend Info: \enddocument detected (standard20110627).
Package: atbegshi 2016/06/09 v1.18 At begin shipout hook (HO)
Package: refcount 2016/05/16 v3.5 Data extraction from label references (HO)
Package: hycolor 2016/05/16 v1.8 Color options for hyperref/bookmark (HO)
)
(/usr/share/texlive/texmf-dist/tex/latex/oberdiek/auxhook.sty
Package: auxhook 2016/05/16 v1.4 Hooks for auxiliary files (HO)
)
(/usr/share/texlive/texmf-dist/tex/latex/oberdiek/kvoptions.sty
Package: kvoptions 2016/05/16 v3.12 Key value format for package options (HO)
)
\@linkdim=\dimen152
\Hy@linkcounter=\count123
\Hy@pagecounter=\count124

(/usr/share/texlive/texmf-dist/tex/latex/hyperref/pd1enc.def
File: pd1enc.def 2018/02/06 v6.86b Hyperref: PDFDocEncoding definition (HO)
Now handling font encoding PD1 ...
... no UTF-8 mapping file for font encoding PD1
)
\Hy@SavedSpaceFactor=\count125

(/usr/share/texlive/texmf-dist/tex/latex/latexconfig/hyperref.cfg
File: hyperref.cfg 2002/06/06 v1.2 hyperref configuration of TeXLive
)
Package hyperref Info: Hyper figures OFF on input line 4509.
Package hyperref Info: Link nesting OFF on input line 4514.
Package hyperref Info: Hyper index ON on input line 4517.
Package hyperref Info: Plain pages OFF on input line 4524.
Package hyperref Info: Backreferencing ON on input line 4527.
Package hyperref Info: Implicit mode ON; LaTeX internals redefined.
Package hyperref Info: Bookmarks ON on input line 4762.

(/usr/share/texlive/texmf-dist/tex/latex/hyperref/backref.sty
Package: backref 2016/05/21 v1.39 Bibliographical back referencing

(/usr/share/texlive/texmf-dist/tex/latex/oberdiek/rerunfilecheck.sty
Package: rerunfilecheck 2016/05/16 v1.8 Rerun checks for auxiliary files (HO)
Package uniquecounter Info: New unique counter `rerunfilecheck' on input line 2
82.
))
\c@Hy@tempcnt=\count126

(/usr/share/texlive/texmf-dist/tex/latex/url/url.sty
\Urlmuskip=\muskip10
Package: url 2013/09/16  ver 3.4  Verb mode for urls, etc.
)
LaTeX Info: Redefining \url on input line 5115.
\XeTeXLinkMargin=\dimen153
\Fld@menulength=\count127
\Field@Width=\dimen154
\Fld@charsize=\dimen155
Package hyperref Info: Hyper figures OFF on input line 6369.
Package hyperref Info: Link nesting OFF on input line 6374.
Package hyperref Info: Hyper index ON on input line 6377.
Package hyperref Info: backreferencing ON on input line 6382.
Package hyperref Info: Link coloring OFF on input line 6389.
Package hyperref Info: Link coloring with OCG OFF on input line 6394.
Package hyperref Info: PDF/A mode OFF on input line 6399.
LaTeX Info: Redefining \ref on input line 6439.
LaTeX Info: Redefining \pageref on input line 6443.
\Hy@abspage=\count128
\c@Item=\count129
\c@Hfootnote=\count130
)
Package hyperref Info: Driver: hpdftex.

(/usr/share/texlive/texmf-dist/tex/latex/hyperref/hpdftex.def
File: hpdftex.def 2018/02/06 v6.86b Hyperref driver for pdfTeX
\Fld@listcount=\count131
\c@bookmark@seq@number=\count132
\Hy@SectionHShift=\skip101
)
Package hyperref Info: Option `colorlinks' set `true' on input line 102.
Package hyperref Info: Option `unicode' set `true' on input line 102.

(/usr/share/texlive/texmf-dist/tex/latex/hyperref/puenc.def
File: puenc.def 2018/02/06 v6.86b Hyperref: PDF Unicode definition (HO)
Now handling font encoding PU ...
... no UTF-8 mapping file for font encoding PU
)
(/usr/share/texlive/texmf-dist/tex/latex/caption/caption.sty
Package: caption 2016/02/21 v3.3-144 Customizing captions (AR)

(/usr/share/texlive/texmf-dist/tex/latex/caption/caption3.sty
Package: caption3 2016/05/22 v1.7-166 caption3 kernel (AR)
Package caption3 Info: TeX engine: e-TeX on input line 67.
\captionmargin=\dimen156
\captionmargin@=\dimen157
\captionwidth=\dimen158
\caption@tempdima=\dimen159
\caption@indent=\dimen160
\caption@parindent=\dimen161
\caption@hangindent=\dimen162
)
\c@ContinuedFloat=\count133
Package caption Info: float package is loaded.
Package caption Info: hyperref package is loaded.
Package caption Info: longtable package is loaded.

(/usr/share/texlive/texmf-dist/tex/latex/caption/ltcaption.sty
Package: ltcaption 2013/06/09 v1.4-94 longtable captions (AR)
)) (./refman.aux)
\openout1 = `refman.aux'.

LaTeX Font Info:    Checking defaults for OML/cmm/m/it on input line 114.
LaTeX Font Info:    ... okay on input line 114.
LaTeX Font Info:    Checking defaults for T1/cmr/m/n on input line 114.
LaTeX Font Info:    ... okay on input line 114.
LaTeX Font Info:    Checking defaults for OT1/cmr/m/n on input line 114.
LaTeX Font Info:    ... okay on input line 114.
LaTeX Font Info:    Checking defaults for OMS/cmsy/m/n on input line 114.
LaTeX Font Info:    ... okay on input line 114.
LaTeX Font Info:    Checking defaults for OMX/cmex/m/n on input line 114.
LaTeX Font Info:    ... okay on input line 114.
LaTeX Font Info:    Checking defaults for U/cmr/m/n on input line 114.
LaTeX Font Info:    ... okay on input line 114.
LaTeX Font Info:    Checking defaults for TS1/cmr/m/n on input line 114.
LaTeX Font Info:    Try loading font information for TS1+cmr on input line 114.

(/usr/share/texlive/texmf-dist/tex/latex/base/ts1cmr.fd
File: ts1cmr.fd 2014/09/29 v2.5h Standard LaTeX font definitions
)
LaTeX Font Info:    ... okay on input line 114.
LaTeX Font Info:    Checking defaults for PD1/pdf/m/n on input line 114.
LaTeX Font Info:    ... okay on input line 114.
LaTeX Font Info:    Checking defaults for PU/pdf/m/n on input line 114.
LaTeX Font Info:    ... okay on input line 114.
LaTeX Font Info:    Try loading font information for T1+phv on input line 114.

(/usr/share/texlive/texmf-dist/tex/latex/psnfss/t1phv.fd
File: t1phv.fd 2001/06/04 scalable font definitions for T1/phv.
)
LaTeX Font Info:    Font shape `T1/phv/m/n' will be
(Font)              scaled to size 8.99994pt on input line 114.

(/usr/share/texlive/texmf-dist/tex/context/base/mkii/supp-pdf.mkii
[Loading MPS to PDF converter (version 2006.09.02).]
\scratchcounter=\count134
\scratchdimen=\dimen163
\scratchbox=\box65
\nofMPsegments=\count135
\nofMParguments=\count136
\everyMPshowfont=\toks30
\MPscratchCnt=\count137
\MPscratchDim=\dimen164
\MPnumerator=\count138
\makeMPintoPDFobject=\count139
\everyMPtoPDFconversion=\toks31
) (/usr/share/texlive/texmf-dist/tex/latex/oberdiek/epstopdf-base.sty
Package: epstopdf-base 2016/05/15 v2.6 Base part for package epstopdf

(/usr/share/texlive/texmf-dist/tex/latex/oberdiek/grfext.sty
Package: grfext 2016/05/16 v1.2 Manage graphics extensions (HO)
)
Package epstopdf-base Info: Redefining graphics rule for `.eps' on input line 4
38.
Package grfext Info: Graphics extension search list:
(grfext)             [.pdf,.png,.jpg,.mps,.jpeg,.jbig2,.jb2,.PDF,.PNG,.JPG,.JPE
G,.JBIG2,.JB2,.eps]
(grfext)             \AppendGraphicsExtensions on input line 456.

(/usr/share/texlive/texmf-dist/tex/latex/latexconfig/epstopdf-sys.cfg
File: epstopdf-sys.cfg 2010/07/13 v1.3 Configuration of (r)epstopdf for TeX Liv
e
))
*geometry* driver: auto-detecting
*geometry* detected driver: pdftex
*geometry* verbose mode - [ preamble ] result:
* driver: pdftex
* paper: a4paper
* layout: <same size as paper>
* layoutoffset:(h,v)=(0.0pt,0.0pt)
* modes: twoside 
* h-part:(L,W,R)=(71.13188pt, 455.24411pt, 71.13188pt)
* v-part:(T,H,B)=(71.13188pt, 702.78308pt, 71.13188pt)
* \paperwidth=597.50787pt
* \paperheight=845.04684pt
* \textwidth=455.24411pt
* \textheight=702.78308pt
* \oddsidemargin=-1.1381pt
* \evensidemargin=-1.1381pt
* \topmargin=-38.1381pt
* \headheight=12.0pt
* \headsep=25.0pt
* \topskip=10.0pt
* \footskip=30.0pt
* \marginparwidth=121.0pt
* \marginparsep=11.0pt
* \columnsep=10.0pt
* \skip\footins=9.0pt plus 4.0pt minus 2.0pt
* \hoffset=0.0pt
* \voffset=0.0pt
* \mag=1000
* \@twocolumnfalse
* \@twosidetrue
* \@mparswitchtrue
* \@reversemarginfalse
* (1in=72.27pt=25.4mm, 1cm=28.453pt)

\AtBeginShipoutBox=\box66
Package backref Info: ** backref set up for natbib ** on input line 114.
Package hyperref Info: Link coloring ON on input line 114.
(/usr/share/texlive/texmf-dist/tex/latex/hyperref/nameref.sty
Package: nameref 2016/05/21 v2.44 Cross-referencing by name of section

(/usr/share/texlive/texmf-dist/tex/generic/oberdiek/gettitlestring.sty
Package: gettitlestring 2016/05/16 v1.5 Cleanup title references (HO)
)
\c@section@level=\count140
)
LaTeX Info: Redefining \ref on input line 114.
LaTeX Info: Redefining \pageref on input line 114.
LaTeX Info: Redefining \nameref on input line 114.

(./refman.out) (./refman.out)
\@outlinefile=\write4
\openout4 = `refman.out'.

Package caption Info: Begin \AtBeginDocument code.
Package caption Info: End \AtBeginDocument code.
Package hyperref Info: Option `pageanchor' set `false' on input line 120.
Package hyperref Info: Option `bookmarksnumbered' set `true' on input line 120.

Package hyperref Info: Option `unicode' set `true' on input line 120.
LaTeX Font Info:    Font shape `T1/phv/m/n' will be
(Font)              scaled to size 12.9599pt on input line 125.
LaTeX Font Info:    Font shape `T1/phv/m/n' will be
(Font)              scaled to size 10.79993pt on input line 125.
LaTeX Font Info:    Font shape `T1/phv/m/n' will be
(Font)              scaled to size 6.29996pt on input line 125.
LaTeX Font Info:    Try loading font information for U+wasy on input line 125.

(/usr/share/texlive/texmf-dist/tex/latex/wasysym/uwasy.fd
File: uwasy.fd 2003/10/30 v2.0 Wasy-2 symbol font definitions
)
LaTeX Font Info:    Try loading font information for U+msa on input line 125.

(/usr/share/texlive/texmf-dist/tex/latex/amsfonts/umsa.fd
File: umsa.fd 2013/01/14 v3.01 AMS symbols A
)
LaTeX Font Info:    Try loading font information for U+msb on input line 125.

(/usr/share/texlive/texmf-dist/tex/latex/amsfonts/umsb.fd
File: umsb.fd 2013/01/14 v3.01 AMS symbols B
) [1

{/var/lib/texmf/fonts/map/pdftex/updmap/pdftex.map}]
LaTeX Font Info:    Font shape `T1/phv/bx/n' in size <14.4> not available
(Font)              Font shape `T1/phv/b/n' tried instead on input line 131.
LaTeX Font Info:    Font shape `T1/phv/b/n' will be
(Font)              scaled to size 12.9599pt on input line 131.
LaTeX Font Info:    Font shape `T1/phv/bc/n' will be
(Font)              scaled to size 12.9599pt on input line 131.
 (./refman.toc
LaTeX Font Info:    Font shape `T1/phv/bx/n' in size <10> not available
(Font)              Font shape `T1/phv/b/n' tried instead on input line 1.
LaTeX Font Info:    Font shape `T1/phv/b/n' will be
(Font)              scaled to size 8.99994pt on input line 1.
LaTeX Font Info:    Font shape `T1/phv/bx/n' in size <7> not available
(Font)              Font shape `T1/phv/b/n' tried instead on input line 42.
LaTeX Font Info:    Font shape `T1/phv/b/n' will be
(Font)              scaled to size 6.29996pt on input line 42.
 [1] [2] [3] [4] [5])
\tf@toc=\write5
\openout5 = `refman.toc'.

Package hyperref Info: Option `pageanchor' set `true' on input line 133.

(./annotated.tex
LaTeX Font Info:    Font shape `T1/phv/bx/n' in size <12> not available
(Font)              Font shape `T1/phv/b/n' tried instead on input line 1.
LaTeX Font Info:    Font shape `T1/phv/b/n' will be
(Font)              scaled to size 10.79993pt on input line 1.
LaTeX Font Info:    Font shape `T1/phv/bc/n' will be
(Font)              scaled to size 10.79993pt on input line 1.
 [1] [2]
LaTeX Font Info:    Try loading font information for TS1+phv on input line 50.

(/usr/share/texlive/texmf-dist/tex/latex/psnfss/ts1phv.fd
File: ts1phv.fd 2001/06/04 scalable font definitions for TS1/phv.
)
LaTeX Font Info:    Font shape `TS1/phv/bx/n' in size <10> not available
(Font)              Font shape `TS1/phv/b/n' tried instead on input line 50.
LaTeX Font Info:    Font shape `TS1/phv/b/n' will be
(Font)              scaled to size 8.99994pt on input line 50.
 [3]) (./files.tex

LaTeX Warning: Reference `____primes__unused_8h' on page 4 undefined on input l
ine 3.


LaTeX Warning: Reference `__header_8h' on page 4 undefined on input line 4.


LaTeX Warning: Reference `argtable3_8h' on page 4 undefined on input line 6.

LaTeX Font Info:    Try loading font information for T1+pcr on input line 11.
(/usr/share/texlive/texmf-dist/tex/latex/psnfss/t1pcr.fd
File: t1pcr.fd 2001/06/04 font definitions for T1/pcr.
) [4]
Overfull \hbox (22.48279pt too wide) in paragraph at lines 19--19
 \T1/phv/b/n/10 Hyper[]Log[]Log func-tions, based on code by Ivan Vitjuk [][]\T
1/pcr/m/n/10 https[]://github.[]com/ivitjuk/libhll[][] 
 []

[5]

LaTeX Warning: Reference `random__number__gen_8h' on page 6 undefined on input 
line 31.

) (./structalignment__struct.tex
LaTeX Font Info:    Font shape `T1/phv/bc/n' will be
(Font)              scaled to size 6.29996pt on input line 1.
<structalignment__struct__coll__graph.pdf, id=1235, 299.1175pt x 256.96pt>
File: structalignment__struct__coll__graph.pdf Graphic file (type pdf)
<use structalignment__struct__coll__graph.pdf>
Package pdftex.def Info: structalignment__struct__coll__graph.pdf  used on inpu
t line 18.
(pdftex.def)             Requested size: 298.0pt x 256.01834pt.

Underfull \vbox (badness 10000) has occurred while \output is active []

 [6]
LaTeX Font Info:    Font shape `T1/phv/bc/n' will be
(Font)              scaled to size 8.99994pt on input line 21.
LaTeX Font Info:    Font shape `TS1/phv/m/n' will be
(Font)              scaled to size 8.99994pt on input line 24.
LaTeX Font Info:    Font shape `T1/phv/m/n' will be
(Font)              scaled to size 8.09995pt on input line 35.
LaTeX Font Info:    Font shape `T1/phv/m/it' in size <9> not available
(Font)              Font shape `T1/phv/m/sl' tried instead on input line 35.
LaTeX Font Info:    Font shape `T1/phv/m/sl' will be
(Font)              scaled to size 8.09995pt on input line 35.
LaTeX Font Info:    Font shape `T1/phv/m/it' in size <7> not available
(Font)              Font shape `T1/phv/m/sl' tried instead on input line 50.
LaTeX Font Info:    Font shape `T1/phv/m/sl' will be
(Font)              scaled to size 6.29996pt on input line 50.
LaTeX Font Info:    Font shape `TS1/phv/m/it' in size <9> not available
(Font)              Font shape `TS1/phv/m/sl' tried instead on input line 59.
LaTeX Font Info:    Font shape `TS1/phv/m/sl' will be
(Font)              scaled to size 8.09995pt on input line 59.

[7 <./structalignment__struct__coll__graph.pdf>]) (./structarg__date.tex
<structarg__date__coll__graph.pdf, id=1302, 134.5025pt x 167.62625pt>
File: structarg__date__coll__graph.pdf Graphic file (type pdf)
<use structarg__date__coll__graph.pdf>
Package pdftex.def Info: structarg__date__coll__graph.pdf  used on input line 9
.
(pdftex.def)             Requested size: 134.0pt x 167.00172pt.
)
(./structarg__dbl.tex
<structarg__dbl__coll__graph.pdf, id=1304, 129.48375pt x 167.62625pt>
File: structarg__dbl__coll__graph.pdf Graphic file (type pdf)
<use structarg__dbl__coll__graph.pdf>
Package pdftex.def Info: structarg__dbl__coll__graph.pdf  used on input line 9.

(pdftex.def)             Requested size: 129.0pt x 167.01707pt.
 [8 <./structarg__date__coll__graph.pdf> <./structarg__dbl__coll__graph.pdf

pdfTeX warning: pdflatex (file ./structarg__dbl__coll__graph.pdf): PDF inclusio
n: multiple pdfs with page group included in a single page
>]) (./structarg__end.tex
<structarg__end__coll__graph.pdf, id=1328, 131.49126pt x 167.62625pt>
File: structarg__end__coll__graph.pdf Graphic file (type pdf)
<use structarg__end__coll__graph.pdf>
Package pdftex.def Info: structarg__end__coll__graph.pdf  used on input line 9.

(pdftex.def)             Requested size: 131.0pt x 167.00684pt.
) (./structarg__file.tex
<structarg__file__coll__graph.pdf, id=1330, 129.48375pt x 167.62625pt>
File: structarg__file__coll__graph.pdf Graphic file (type pdf)
<use structarg__file__coll__graph.pdf>
Package pdftex.def Info: structarg__file__coll__graph.pdf  used on input line 9
.
(pdftex.def)             Requested size: 129.0pt x 167.01707pt.
 [9 <./structarg__end__coll__graph.pdf>]) (./structarg__hdr.tex) (./structarg__
int.tex
<structarg__int__coll__graph.pdf, id=1353, 129.48375pt x 167.62625pt>
File: structarg__int__coll__graph.pdf Graphic file (type pdf)
<use structarg__int__coll__graph.pdf>
Package pdftex.def Info: structarg__int__coll__graph.pdf  used on input line 9.

(pdftex.def)             Requested size: 129.0pt x 167.01707pt.
 [10 <./structarg__file__coll__graph.pdf>]) (./structarg__lit.tex
<structarg__lit__coll__graph.pdf, id=1386, 129.48375pt x 167.62625pt>
File: structarg__lit__coll__graph.pdf Graphic file (type pdf)
<use structarg__lit__coll__graph.pdf>
Package pdftex.def Info: structarg__lit__coll__graph.pdf  used on input line 9.

(pdftex.def)             Requested size: 129.0pt x 167.01707pt.
) (./structarg__rem.tex
<structarg__rem__coll__graph.pdf, id=1388, 132.495pt x 167.62625pt>
File: structarg__rem__coll__graph.pdf Graphic file (type pdf)
<use structarg__rem__coll__graph.pdf>
Package pdftex.def Info: structarg__rem__coll__graph.pdf  used on input line 9.

(pdftex.def)             Requested size: 132.0pt x 167.01195pt.
 [11 <./structarg__int__coll__graph.pdf> <./structarg__lit__coll__graph.pdf

pdfTeX warning: pdflatex (file ./structarg__lit__coll__graph.pdf): PDF inclusio
n: multiple pdfs with page group included in a single page
>]) (./structarg__rex.tex
<structarg__rex__coll__graph.pdf, id=1412, 129.48375pt x 167.62625pt>
File: structarg__rex__coll__graph.pdf Graphic file (type pdf)
<use structarg__rex__coll__graph.pdf>
Package pdftex.def Info: structarg__rex__coll__graph.pdf  used on input line 9.

(pdftex.def)             Requested size: 129.0pt x 167.01707pt.
 [12 <./structarg__rem__coll__graph.pdf> <./structarg__rex__coll__graph.pdf

pdfTeX warning: pdflatex (file ./structarg__rex__coll__graph.pdf): PDF inclusio
n: multiple pdfs with page group included in a single page
>]) (./structarg__str.tex
<structarg__str__coll__graph.pdf, id=1436, 129.48375pt x 167.62625pt>
File: structarg__str__coll__graph.pdf Graphic file (type pdf)
<use structarg__str__coll__graph.pdf>
Package pdftex.def Info: structarg__str__coll__graph.pdf  used on input line 9.

(pdftex.def)             Requested size: 129.0pt x 167.01707pt.
) (./structbinary__parsimony__datamatrix__struct.tex
[13 <./structarg__str__coll__graph.pdf>])
(./structbinary__parsimony__struct.tex
<structbinary__parsimony__struct__coll__graph.pdf, id=1466, 224.84pt x 189.7087
6pt>
File: structbinary__parsimony__struct__coll__graph.pdf Graphic file (type pdf)
<use structbinary__parsimony__struct__coll__graph.pdf>
Package pdftex.def Info: structbinary__parsimony__struct__coll__graph.pdf  used
 on input line 9.
(pdftex.def)             Requested size: 224.0pt x 189.00775pt.
 [14 <./structbinary__parsimony__struct__coll__graph.pdf>]) (./structbiomcmc__r
ng__struct.tex
<structbiomcmc__rng__struct__coll__graph.pdf, id=1494, 287.0725pt x 167.62625pt
>
File: structbiomcmc__rng__struct__coll__graph.pdf Graphic file (type pdf)
<use structbiomcmc__rng__struct__coll__graph.pdf>
Package pdftex.def Info: structbiomcmc__rng__struct__coll__graph.pdf  used on i
nput line 18.
(pdftex.def)             Requested size: 286.0pt x 167.00427pt.
 [15 <./structbiomcmc__rng__struct__coll__graph.pdf>]) (./structbip__hashitem__
struct.tex
<structbip__hashitem__struct__coll__graph.pdf, id=1533, 184.69pt x 234.8775pt>
File: structbip__hashitem__struct__coll__graph.pdf Graphic file (type pdf)
<use structbip__hashitem__struct__coll__graph.pdf>
Package pdftex.def Info: structbip__hashitem__struct__coll__graph.pdf  used on 
input line 18.
(pdftex.def)             Requested size: 184.0pt x 234.00244pt.
)
(./structbip__hashtable__struct.tex
<structbip__hashtable__struct__coll__graph.pdf, id=1538, 187.70125pt x 302.1287
5pt>
File: structbip__hashtable__struct__coll__graph.pdf Graphic file (type pdf)
<use structbip__hashtable__struct__coll__graph.pdf>
Package pdftex.def Info: structbip__hashtable__struct__coll__graph.pdf  used on
 input line 18.
(pdftex.def)             Requested size: 187.0pt x 301.01697pt.
 [16 <./structbip__hashitem__struct__coll__graph.pdf>] [17 <./structbip__hashta
ble__struct__coll__graph.pdf>])
(./structbipartition__struct.tex
<structbipartition__struct__coll__graph.pdf, id=1585, 169.63374pt x 167.62625pt
>
File: structbipartition__struct__coll__graph.pdf Graphic file (type pdf)
<use structbipartition__struct__coll__graph.pdf>
Package pdftex.def Info: structbipartition__struct__coll__graph.pdf  used on in
put line 18.
(pdftex.def)             Requested size: 169.0pt x 167.00684pt.
) (./structbipsize__struct.tex [18 <./structbipartition__struct__coll__graph.pd
f>]) (./structchar__vector__struct.tex)
(./structcharvec__str.tex) (./structdiscrete__sample__struct.tex [19])
(./structdistance__generator__struct.tex) (./structdistance__matrix__struct.tex
[20]) (./structdsample__stack__struct.tex) (./structedgearray__item.tex)
(./structelement.tex
<structelement__coll__graph.pdf, id=1675, 131.49126pt x 167.62625pt>
File: structelement__coll__graph.pdf Graphic file (type pdf)
<use structelement__coll__graph.pdf>
Package pdftex.def Info: structelement__coll__graph.pdf  used on input line 9.
(pdftex.def)             Requested size: 131.0pt x 167.00684pt.
 [21]) (./structempfreq__double__element.tex)
(./structempfreq__double__struct.tex
<structempfreq__double__struct__coll__graph.pdf, id=1701, 205.76875pt x 167.626
25pt>
File: structempfreq__double__struct__coll__graph.pdf Graphic file (type pdf)
<use structempfreq__double__struct__coll__graph.pdf>
Package pdftex.def Info: structempfreq__double__struct__coll__graph.pdf  used o
n input line 9.
(pdftex.def)             Requested size: 205.0pt x 167.00172pt.
 [22 <./structelement__coll__graph.pdf>])
(./structempfreq__element.tex) (./structempfreq__struct.tex
<structempfreq__struct__coll__graph.pdf, id=1726, 172.645pt x 167.62625pt>
File: structempfreq__struct__coll__graph.pdf Graphic file (type pdf)
<use structempfreq__struct__coll__graph.pdf>
Package pdftex.def Info: structempfreq__struct__coll__graph.pdf  used on input 
line 9.
(pdftex.def)             Requested size: 172.0pt x 167.00172pt.
 [23 <./structempfreq__double__struct__coll__graph.pdf>]) (./structgenetree__st
ruct.tex
<structgenetree__struct__coll__graph.pdf, id=1751, 477.785pt x 580.1675pt>
File: structgenetree__struct__coll__graph.pdf Graphic file (type pdf)
<use structgenetree__struct__coll__graph.pdf>
Package pdftex.def Info: structgenetree__struct__coll__graph.pdf  used on input
 line 9.
(pdftex.def)             Requested size: 350.0pt x 424.99713pt.

Underfull \vbox (badness 3482) has occurred while \output is active []

 [24 <./structempfreq__struct__coll__graph.pdf>]) (./structgoptics__cluster__st
ruct.tex
<structgoptics__cluster__struct__coll__graph.pdf, id=1774, 193.72375pt x 178.66
75pt>
File: structgoptics__cluster__struct__coll__graph.pdf Graphic file (type pdf)
<use structgoptics__cluster__struct__coll__graph.pdf>
Package pdftex.def Info: structgoptics__cluster__struct__coll__graph.pdf  used 
on input line 9.
(pdftex.def)             Requested size: 193.0pt x 178.00185pt.

[25 <./structgenetree__struct__coll__graph.pdf>])
(./structhashtable__item__struct.tex [26 <./structgoptics__cluster__struct__col
l__graph.pdf>]) (./structhashtable__struct.tex
<structhashtable__struct__coll__graph.pdf, id=1833, 193.72375pt x 167.62625pt>
File: structhashtable__struct__coll__graph.pdf Graphic file (type pdf)
<use structhashtable__struct__coll__graph.pdf>
Package pdftex.def Info: structhashtable__struct__coll__graph.pdf  used on inpu
t line 18.
(pdftex.def)             Requested size: 193.0pt x 167.00172pt.
 [27 <./structhashtable__struct__coll__graph.pdf>]) (./structhll__estimate__s.t
ex
LaTeX Font Info:    Font shape `T1/phv/m/n' will be
(Font)              scaled to size 7.19995pt on input line 35.
 [28]) (./structhll__s.tex)
(./structhungarian__struct.tex [29]) (./structkmer__params__struct.tex)
(./structkmerhash__struct.tex [30]
<structkmerhash__struct__coll__graph.pdf, id=1955, 186.6975pt x 167.62625pt>
File: structkmerhash__struct__coll__graph.pdf Graphic file (type pdf)
<use structkmerhash__struct__coll__graph.pdf>
Package pdftex.def Info: structkmerhash__struct__coll__graph.pdf  used on input
 line 9.
(pdftex.def)             Requested size: 186.0pt x 167.00684pt.
) (./structlongoptions.tex)
(./structnewick__node__struct.tex
<structnewick__node__struct__coll__graph.pdf, id=1961, 224.84pt x 113.42375pt>
File: structnewick__node__struct__coll__graph.pdf Graphic file (type pdf)
<use structnewick__node__struct__coll__graph.pdf>
Package pdftex.def Info: structnewick__node__struct__coll__graph.pdf  used on i
nput line 18.
(pdftex.def)             Requested size: 224.0pt x 113.00462pt.
 [31 <./structkmerhash__struct__coll__graph.pdf>]) (./structnewick__space__stru
ct.tex
<structnewick__space__struct__coll__graph.pdf, id=1999, 337.26pt x 448.67625pt>

File: structnewick__space__struct__coll__graph.pdf Graphic file (type pdf)
<use structnewick__space__struct__coll__graph.pdf>
Package pdftex.def Info: structnewick__space__struct__coll__graph.pdf  used on 
input line 18.
(pdftex.def)             Requested size: 336.0pt x 447.0115pt.
 [32 <./structnewick__node__struct__coll__graph.pdf>]) (./structnewick__tree__s
truct.tex
<structnewick__tree__struct__coll__graph.pdf, id=2023, 224.84pt x 202.7575pt>
File: structnewick__tree__struct__coll__graph.pdf Graphic file (type pdf)
<use structnewick__tree__struct__coll__graph.pdf>
Package pdftex.def Info: structnewick__tree__struct__coll__graph.pdf  used on i
nput line 9.
(pdftex.def)             Requested size: 224.0pt x 202.00829pt.
 [33 <./structnewick__space__struct__coll__graph.pdf>]) (./structpoint.tex) (./
structPriorityQueue.tex
<structPriorityQueue__coll__graph.pdf, id=2047, 156.585pt x 234.8775pt>
File: structPriorityQueue__coll__graph.pdf Graphic file (type pdf)
<use structPriorityQueue__coll__graph.pdf>
Package pdftex.def Info: structPriorityQueue__coll__graph.pdf  used on input li
ne 9.
(pdftex.def)             Requested size: 156.0pt x 234.0096pt.

[34 <./structnewick__tree__struct__coll__graph.pdf>]) (./structprivhdr.tex)
(./structreconciliation__struct.tex
<structreconciliation__struct__coll__graph.pdf, id=2072, 225.84375pt x 337.26pt
>
File: structreconciliation__struct__coll__graph.pdf Graphic file (type pdf)
<use structreconciliation__struct__coll__graph.pdf>
Package pdftex.def Info: structreconciliation__struct__coll__graph.pdf  used on
 input line 18.
(pdftex.def)             Requested size: 225.0pt x 336.01894pt.
 [35 <./structPriorityQueue__coll__graph.pdf>] [36 <./structreconciliation__str
uct__coll__graph.pdf>])
(./structrng__diaconis__struct.tex) (./structrng__gfsr4__struct.tex)
(./structrng__lfib4__struct.tex [37]) (./structrng__mt19937__struct.tex)
(./structrng__mt19937ar__struct.tex [38]) (./structrng__swb__struct.tex)
(./structrng__taus__struct.tex) (./structrng__tt800__struct.tex [39])
(./structrng__well1024__struct.tex) (./structrng__xorshift__struct.tex)
(./structspdist__matrix__struct.tex [40]) (./structspeciestree__struct.tex
<structspeciestree__struct__coll__graph.pdf, id=2185, 345.29pt x 448.67625pt>
File: structspeciestree__struct__coll__graph.pdf Graphic file (type pdf)
<use structspeciestree__struct__coll__graph.pdf>
Package pdftex.def Info: structspeciestree__struct__coll__graph.pdf  used on in
put line 9.
(pdftex.def)             Requested size: 344.0pt x 447.00467pt.

[41]) (./structsplitset__struct.tex
<structsplitset__struct__coll__graph.pdf, id=2207, 277.035pt x 290.08376pt>
File: structsplitset__struct__coll__graph.pdf Graphic file (type pdf)
<use structsplitset__struct__coll__graph.pdf>
Package pdftex.def Info: structsplitset__struct__coll__graph.pdf  used on input
 line 9.
(pdftex.def)             Requested size: 276.0pt x 289.003pt.
 [42 <./structspeciestree__struct__coll__graph.pdf>]) (./structtagTRexNode.tex 
[43 <./structsplitset__struct__coll__graph.pdf>]) (./structtopol__node__struct.
tex
<structtopol__node__struct__coll__graph.pdf, id=2268, 220.825pt x 258.9675pt>
File: structtopol__node__struct__coll__graph.pdf Graphic file (type pdf)
<use structtopol__node__struct__coll__graph.pdf>
Package pdftex.def Info: structtopol__node__struct__coll__graph.pdf  used on in
put line 18.
(pdftex.def)             Requested size: 220.0pt x 258.01057pt.
 [44 <./structtopol__node__struct__coll__graph.pdf>]) (./structtopology__space_
_struct.tex
<structtopology__space__struct__coll__graph.pdf, id=2305, 469.755pt x 459.7175p
t>
File: structtopology__space__struct__coll__graph.pdf Graphic file (type pdf)
<use structtopology__space__struct__coll__graph.pdf>
Package pdftex.def Info: structtopology__space__struct__coll__graph.pdf  used o
n input line 18.
(pdftex.def)             Requested size: 350.0pt x 342.52151pt.
 [45 <./structtopology__space__struct__coll__graph.pdf>]) (./structtopology__st
ruct.tex
<structtopology__struct__coll__graph.pdf, id=2335, 337.26pt x 381.425pt>
File: structtopology__struct__coll__graph.pdf Graphic file (type pdf)
<use structtopology__struct__coll__graph.pdf>
Package pdftex.def Info: structtopology__struct__coll__graph.pdf  used on input
 line 18.
(pdftex.def)             Requested size: 336.0pt x 380.00977pt.

Underfull \vbox (badness 1092) has occurred while \output is active []

 [46]
[47 <./structtopology__struct__coll__graph.pdf>]) (./structTRex.tex
<structTRex__coll__graph.pdf, id=2404, 244.915pt x 167.62625pt>
File: structTRex__coll__graph.pdf Graphic file (type pdf)
<use structTRex__coll__graph.pdf>
Package pdftex.def Info: structTRex__coll__graph.pdf  used on input line 9.
(pdftex.def)             Requested size: 244.0pt x 167.00427pt.
 [48 <./structTRex__coll__graph.pdf>]) (./structTRexMatch.tex) (./alignment_8h.
tex
<alignment_8h__incl.pdf, id=2428, 1188.44pt x 718.685pt>
File: alignment_8h__incl.pdf Graphic file (type pdf)
<use alignment_8h__incl.pdf>
Package pdftex.def Info: alignment_8h__incl.pdf  used on input line 14.
(pdftex.def)             Requested size: 350.0pt x 211.65932pt.
 [49]
<alignment_8h__dep__incl.pdf, id=2452, 148.555pt x 212.795pt>
File: alignment_8h__dep__incl.pdf Graphic file (type pdf)
<use alignment_8h__dep__incl.pdf>
Package pdftex.def Info: alignment_8h__dep__incl.pdf  used on input line 21.
(pdftex.def)             Requested size: 148.0pt x 212.00868pt.

[50 <./alignment_8h__incl.pdf> <./alignment_8h__dep__incl.pdf

pdfTeX warning: pdflatex (file ./alignment_8h__dep__incl.pdf): PDF inclusion: m
ultiple pdfs with page group included in a single page
>]) (./biomcmc_8h.tex
<biomcmc_8h__incl.pdf, id=2497, 1188.44pt x 943.525pt>
File: biomcmc_8h__incl.pdf Graphic file (type pdf)
<use biomcmc_8h__incl.pdf>
Package pdftex.def Info: biomcmc_8h__incl.pdf  used on input line 19.
(pdftex.def)             Requested size: 350.0pt x 277.87675pt.
 [51]) (./bipartition_8h.tex
<bipartition_8h__incl.pdf, id=2514, 1188.44pt x 212.795pt>
File: bipartition_8h__incl.pdf Graphic file (type pdf)
<use bipartition_8h__incl.pdf>
Package pdftex.def Info: bipartition_8h__incl.pdf  used on input line 13.
(pdftex.def)             Requested size: 350.0pt x 62.67006pt.
<bipartition_8h__dep__incl.pdf, id=2515, 628.3475pt x 887.315pt>
File: bipartition_8h__dep__incl.pdf Graphic file (type pdf)
<use bipartition_8h__dep__incl.pdf>
Package pdftex.def Info: bipartition_8h__dep__incl.pdf  used on input line 20.
(pdftex.def)             Requested size: 350.0pt x 494.2393pt.
 [52 <./biomcmc_8h__incl.pdf> <./bipartition_8h__incl.pdf

pdfTeX warning: pdflatex (file ./bipartition_8h__incl.pdf): PDF inclusion: mult
iple pdfs with page group included in a single page
>] [53 <./bipartition_8h__dep__incl.pdf>]
LaTeX Font Info:    Font shape `T1/phv/bx/it' in size <9> not available
(Font)              Font shape `T1/phv/b/it' tried instead on input line 91.
LaTeX Font Info:    Font shape `T1/phv/b/it' in size <9> not available
(Font)              Font shape `T1/phv/b/sl' tried instead on input line 91.
LaTeX Font Info:    Font shape `T1/phv/b/sl' will be
(Font)              scaled to size 8.09995pt on input line 91.
 [54]
LaTeX Font Info:    Font shape `T1/pcr/m/it' in size <8> not available
(Font)              Font shape `T1/pcr/m/sl' tried instead on input line 173.
 [55]
Underfull \hbox (badness 10000) detected at line 184
[][][]
 []

) (./char__vector_8c.tex
<char__vector_8c__incl.pdf, id=2721, 1188.44pt x 606.265pt>
File: char__vector_8c__incl.pdf Graphic file (type pdf)
<use char__vector_8c__incl.pdf>
Package pdftex.def Info: char__vector_8c__incl.pdf  used on input line 13.
(pdftex.def)             Requested size: 350.0pt x 178.5506pt.
 [56 <./char__vector_8c__incl.pdf>]
LaTeX Font Info:    Font shape `T1/pcr/m/it' in size <7> not available
(Font)              Font shape `T1/pcr/m/sl' tried instead on input line 113.
)
(./char__vector_8h.tex [57]
<char__vector_8h__incl.pdf, id=2822, 1188.44pt x 550.055pt>
File: char__vector_8h__incl.pdf Graphic file (type pdf)
<use char__vector_8h__incl.pdf>
Package pdftex.def Info: char__vector_8h__incl.pdf  used on input line 14.
(pdftex.def)             Requested size: 350.0pt x 161.99623pt.
<char__vector_8h__dep__incl.pdf, id=2823, 474.77374pt x 550.055pt>
File: char__vector_8h__dep__incl.pdf Graphic file (type pdf)
<use char__vector_8h__dep__incl.pdf>
Package pdftex.def Info: char__vector_8h__dep__incl.pdf  used on input line 21.

(pdftex.def)             Requested size: 350.0pt x 405.51517pt.

Underfull \vbox (badness 5924) has occurred while \output is active []

 [58 <./char__vector_8h__incl.pdf>] [59 <./char__vector_8h__dep__incl.pdf>] [60
])
(./clustering__goptics_8h.tex
<clustering__goptics_8h__incl.pdf, id=2935, 1188.44pt x 493.845pt>
File: clustering__goptics_8h__incl.pdf Graphic file (type pdf)
<use clustering__goptics_8h__incl.pdf>
Package pdftex.def Info: clustering__goptics_8h__incl.pdf  used on input line 1
3.
(pdftex.def)             Requested size: 350.0pt x 145.44186pt.
<clustering__goptics_8h__dep__incl.pdf, id=2936, 184.69pt x 156.585pt>
File: clustering__goptics_8h__dep__incl.pdf Graphic file (type pdf)
<use clustering__goptics_8h__dep__incl.pdf>
Package pdftex.def Info: clustering__goptics_8h__dep__incl.pdf  used on input l
ine 20.
(pdftex.def)             Requested size: 184.0pt x 156.00162pt.
 [61 <./clustering__goptics_8h__incl.pdf> <./clustering__goptics_8h__dep__incl.
pdf

pdfTeX warning: pdflatex (file ./clustering__goptics_8h__dep__incl.pdf): PDF in
clusion: multiple pdfs with page group included in a single page
>]) (./distance__generator_8h.tex
<distance__generator_8h__incl.pdf, id=2966, 1188.44pt x 437.635pt>
File: distance__generator_8h__incl.pdf Graphic file (type pdf)
<use distance__generator_8h__incl.pdf>
Package pdftex.def Info: distance__generator_8h__incl.pdf  used on input line 1
3.
(pdftex.def)             Requested size: 350.0pt x 128.88751pt.
<distance__generator_8h__dep__incl.pdf, id=2967, 187.70125pt x 212.795pt>
File: distance__generator_8h__dep__incl.pdf Graphic file (type pdf)
<use distance__generator_8h__dep__incl.pdf>
Package pdftex.def Info: distance__generator_8h__dep__incl.pdf  used on input l
ine 20.
(pdftex.def)             Requested size: 187.0pt x 212.01193pt.
 [62 <./distance__generator_8h__incl.pdf> <./distance__generator_8h__dep__incl.
pdf

pdfTeX warning: pdflatex (file ./distance__generator_8h__dep__incl.pdf): PDF in
clusion: multiple pdfs with page group included in a single page
>]) (./distance__matrix_8h.tex
<distance__matrix_8h__incl.pdf, id=3004, 1188.44pt x 381.425pt>
File: distance__matrix_8h__incl.pdf Graphic file (type pdf)
<use distance__matrix_8h__incl.pdf>
Package pdftex.def Info: distance__matrix_8h__incl.pdf  used on input line 13.
(pdftex.def)             Requested size: 350.0pt x 112.33315pt.
<distance__matrix_8h__dep__incl.pdf, id=3005, 528.97626pt x 493.845pt>
File: distance__matrix_8h__dep__incl.pdf Graphic file (type pdf)
<use distance__matrix_8h__dep__incl.pdf>
Package pdftex.def Info: distance__matrix_8h__dep__incl.pdf  used on input line
 20.
(pdftex.def)             Requested size: 350.0pt x 326.75253pt.
 [63 <./distance__matrix_8h__incl.pdf>] [64 <./distance__matrix_8h__dep__incl.p
df>]) (./empirical__frequency_8c.tex
<empirical__frequency_8c__incl.pdf, id=3089, 1188.44pt x 662.475pt>
File: empirical__frequency_8c__incl.pdf Graphic file (type pdf)
<use empirical__frequency_8c__incl.pdf>
Package pdftex.def Info: empirical__frequency_8c__incl.pdf  used on input line 
13.
(pdftex.def)             Requested size: 350.0pt x 195.10495pt.
 [65])
(./empirical__frequency_8h.tex
<empirical__frequency_8h__incl.pdf, id=3124, 1188.44pt x 606.265pt>
File: empirical__frequency_8h__incl.pdf Graphic file (type pdf)
<use empirical__frequency_8h__incl.pdf>
Package pdftex.def Info: empirical__frequency_8h__incl.pdf  used on input line 
13.
(pdftex.def)             Requested size: 350.0pt x 178.5506pt.
 [66 <./empirical__frequency_8c__incl.pdf>]
<empirical__frequency_8h__dep__incl.pdf, id=3158, 474.77374pt x 493.845pt>
File: empirical__frequency_8h__dep__incl.pdf Graphic file (type pdf)
<use empirical__frequency_8h__dep__incl.pdf>
Package pdftex.def Info: empirical__frequency_8h__dep__incl.pdf  used on input 
line 20.
(pdftex.def)             Requested size: 350.0pt x 364.07565pt.

[67 <./empirical__frequency_8h__incl.pdf> <./empirical__frequency_8h__dep__incl
.pdf

pdfTeX warning: pdflatex (file ./empirical__frequency_8h__dep__incl.pdf): PDF i
nclusion: multiple pdfs with page group included in a single page
>]) (./genetree_8h.tex
<genetree_8h__incl.pdf, id=3197, 1188.44pt x 887.315pt>
File: genetree_8h__incl.pdf Graphic file (type pdf)
<use genetree_8h__incl.pdf>
Package pdftex.def Info: genetree_8h__incl.pdf  used on input line 13.
(pdftex.def)             Requested size: 350.0pt x 261.3224pt.
 [68]
<genetree_8h__dep__incl.pdf, id=3224, 257.96375pt x 212.795pt>
File: genetree_8h__dep__incl.pdf Graphic file (type pdf)
<use genetree_8h__dep__incl.pdf>
Package pdftex.def Info: genetree_8h__dep__incl.pdf  used on input line 20.
(pdftex.def)             Requested size: 257.0pt x 212.01843pt.
 [69 <./genetree_8h__incl.pdf> <./genetree_8h__dep__incl.pdf

pdfTeX warning: pdflatex (file ./genetree_8h__dep__incl.pdf): PDF inclusion: mu
ltiple pdfs with page group included in a single page
>]) (./hashfunctions_8h.tex
<hashfunctions_8h__incl.pdf, id=3276, 1188.44pt x 269.005pt>
File: hashfunctions_8h__incl.pdf Graphic file (type pdf)
<use hashfunctions_8h__incl.pdf>
Package pdftex.def Info: hashfunctions_8h__incl.pdf  used on input line 13.
(pdftex.def)             Requested size: 350.0pt x 79.22443pt.
<hashfunctions_8h__dep__incl.pdf, id=3277, 590.205pt x 831.105pt>
File: hashfunctions_8h__dep__incl.pdf Graphic file (type pdf)
<use hashfunctions_8h__dep__incl.pdf>
Package pdftex.def Info: hashfunctions_8h__dep__incl.pdf  used on input line 20
.
(pdftex.def)             Requested size: 350.0pt x 492.85866pt.
 [70 <./hashfunctions_8h__incl.pdf>] [71 <./hashfunctions_8h__dep__incl.pdf>]) 
(./hashtable_8h.tex
<hashtable_8h__incl.pdf, id=3331, 1188.44pt x 325.215pt>
File: hashtable_8h__incl.pdf Graphic file (type pdf)
<use hashtable_8h__incl.pdf>
Package pdftex.def Info: hashtable_8h__incl.pdf  used on input line 13.
(pdftex.def)             Requested size: 350.0pt x 95.7788pt.
<hashtable_8h__dep__incl.pdf, id=3332, 590.205pt x 774.895pt>
File: hashtable_8h__dep__incl.pdf Graphic file (type pdf)
<use hashtable_8h__dep__incl.pdf>
Package pdftex.def Info: hashtable_8h__dep__incl.pdf  used on input line 20.
(pdftex.def)             Requested size: 350.0pt x 459.52522pt.

Underfull \vbox (badness 5446) has occurred while \output is active []

 [72 <./hashtable_8h__incl.pdf>] [73 <./hashtable_8h__dep__incl.pdf>]) (./hll_8
h.tex
<hll_8h__incl.pdf, id=3389, 1188.44pt x 325.215pt>
File: hll_8h__incl.pdf Graphic file (type pdf)
<use hll_8h__incl.pdf>
Package pdftex.def Info: hll_8h__incl.pdf  used on input line 13.
(pdftex.def)             Requested size: 350.0pt x 95.7788pt.

[74 <./hll_8h__incl.pdf>] [75]
Underfull \hbox (badness 10000) detected at line 87
[][][]
 []


Overfull \vbox (7.7124pt too high) has occurred while \output is active []


[76]
Underfull \hbox (badness 10000) detected at line 150
[][][]
 []


Underfull \hbox (badness 10000) detected at line 168
[][][]
 []

) (./kmerhash_8h.tex
<kmerhash_8h__incl.pdf, id=3479, 1188.44pt x 774.895pt>
File: kmerhash_8h__incl.pdf Graphic file (type pdf)
<use kmerhash_8h__incl.pdf>
Package pdftex.def Info: kmerhash_8h__incl.pdf  used on input line 13.
(pdftex.def)             Requested size: 350.0pt x 228.21367pt.

Underfull \vbox (badness 1237) has occurred while \output is active []

 [77]
<kmerhash_8h__dep__incl.pdf, id=3488, 148.555pt x 156.585pt>
File: kmerhash_8h__dep__incl.pdf Graphic file (type pdf)
<use kmerhash_8h__dep__incl.pdf>
Package pdftex.def Info: kmerhash_8h__dep__incl.pdf  used on input line 20.
(pdftex.def)             Requested size: 148.0pt x 156.0064pt.

[78 <./kmerhash_8h__incl.pdf> <./kmerhash_8h__dep__incl.pdf

pdfTeX warning: pdflatex (file ./kmerhash_8h__dep__incl.pdf): PDF inclusion: mu
ltiple pdfs with page group included in a single page
>]) (./lowlevel_8c.tex
<lowlevel_8c__incl.pdf, id=3522, 1188.44pt x 212.795pt>
File: lowlevel_8c__incl.pdf Graphic file (type pdf)
<use lowlevel_8c__incl.pdf>
Package pdftex.def Info: lowlevel_8c__incl.pdf  used on input line 13.
(pdftex.def)             Requested size: 350.0pt x 62.67006pt.
 [79 <./lowlevel_8c__incl.pdf>]
Underfull \hbox (badness 10000) detected at line 100
[][][]
 []

[80]
Underfull \hbox (badness 10000) detected at line 120
[][][]
 []


Underfull \hbox (badness 10000) detected at line 140
[][][]
 []


Underfull \hbox (badness 10000) detected at line 158
[][][]
 []

[81]
Overfull \hbox (91.95624pt too wide) in paragraph at lines 171--171
[]\T1/pcr/m/n/8 Read up to (and including) a newline ("\n") from STREAM into *L
INEPTR and null-terminate it. *LINEPTR is a pointer 
 []


Overfull \hbox (72.75623pt too wide) in paragraph at lines 172--172
[]\T1/pcr/m/n/8 returned from malloc (or NULL), pointing to *N characters of sp
ace.  It is realloc'd as necessary.  Return the[] 
 []

) (./lowlevel_8h.tex
<lowlevel_8h__incl.pdf, id=3600, 1188.44pt x 156.585pt>
File: lowlevel_8h__incl.pdf Graphic file (type pdf)
<use lowlevel_8h__incl.pdf>
Package pdftex.def Info: lowlevel_8h__incl.pdf  used on input line 28.
(pdftex.def)             Requested size: 350.0pt x 46.1157pt.
<lowlevel_8h__dep__incl.pdf, id=3601, 708.6475pt x 943.525pt>
File: lowlevel_8h__dep__incl.pdf Graphic file (type pdf)
<use lowlevel_8h__dep__incl.pdf>
Package pdftex.def Info: lowlevel_8h__dep__incl.pdf  used on input line 35.
(pdftex.def)             Requested size: 350.0pt x 466.01692pt.
 [82 <./lowlevel_8h__incl.pdf>] [83 <./lowlevel_8h__dep__incl.pdf>] [84]
Underfull \hbox (badness 10000) detected at line 161
[][][]
 []


Underfull \hbox (badness 10000) detected at line 181
[][][]
 []

[85]
Underfull \hbox (badness 10000) detected at line 201
[][][]
 []


Underfull \hbox (badness 10000) detected at line 219
[][][]
 []


Overfull \hbox (91.95624pt too wide) in paragraph at lines 232--232
[]\T1/pcr/m/n/8 Read up to (and including) a newline ("\n") from STREAM into *L
INEPTR and null-terminate it. *LINEPTR is a pointer 
 []


Overfull \hbox (72.75623pt too wide) in paragraph at lines 233--233
[]\T1/pcr/m/n/8 returned from malloc (or NULL), pointing to *N characters of sp
ace.  It is realloc'd as necessary.  Return the[] 
 []

) (./newick__space_8h.tex [86]
<newick__space_8h__incl.pdf, id=3700, 1188.44pt x 831.105pt>
File: newick__space_8h__incl.pdf Graphic file (type pdf)
<use newick__space_8h__incl.pdf>
Package pdftex.def Info: newick__space_8h__incl.pdf  used on input line 13.
(pdftex.def)             Requested size: 350.0pt x 244.76804pt.
<newick__space_8h__dep__incl.pdf, id=3701, 173.64874pt x 212.795pt>
File: newick__space_8h__dep__incl.pdf Graphic file (type pdf)
<use newick__space_8h__dep__incl.pdf>
Package pdftex.def Info: newick__space_8h__dep__incl.pdf  used on input line 20
.
(pdftex.def)             Requested size: 173.0pt x 212.00868pt.
 [87 <./newick__space_8h__incl.pdf> <./newick__space_8h__dep__incl.pdf

pdfTeX warning: pdflatex (file ./newick__space_8h__dep__incl.pdf): PDF inclusio
n: multiple pdfs with page group included in a single page
>]) (./nexus__common_8h.tex
<nexus__common_8h__incl.pdf, id=3732, 1188.44pt x 662.475pt>
File: nexus__common_8h__incl.pdf Graphic file (type pdf)
<use nexus__common_8h__incl.pdf>
Package pdftex.def Info: nexus__common_8h__incl.pdf  used on input line 14.
(pdftex.def)             Requested size: 350.0pt x 195.10495pt.
<nexus__common_8h__dep__incl.pdf, id=3733, 273.02pt x 325.215pt>
File: nexus__common_8h__dep__incl.pdf Graphic file (type pdf)
<use nexus__common_8h__dep__incl.pdf>
Package pdftex.def Info: nexus__common_8h__dep__incl.pdf  used on input line 21
.
(pdftex.def)             Requested size: 272.0pt x 324.01826pt.
 [88 <./nexus__common_8h__incl.pdf>])
(./parsimony_8h.tex [89 <./nexus__common_8h__dep__incl.pdf>]
<parsimony_8h__incl.pdf, id=3787, 1188.44pt x 774.895pt>
File: parsimony_8h__incl.pdf Graphic file (type pdf)
<use parsimony_8h__incl.pdf>
Package pdftex.def Info: parsimony_8h__incl.pdf  used on input line 13.
(pdftex.def)             Requested size: 350.0pt x 228.21367pt.
<parsimony_8h__dep__incl.pdf, id=3788, 150.5625pt x 156.585pt>
File: parsimony_8h__dep__incl.pdf Graphic file (type pdf)
<use parsimony_8h__dep__incl.pdf>
Package pdftex.def Info: parsimony_8h__dep__incl.pdf  used on input line 20.
(pdftex.def)             Requested size: 150.0pt x 156.01357pt.
 [90 <./parsimony_8h__incl.pdf> <./parsimony_8h__dep__incl.pdf

pdfTeX warning: pdflatex (file ./parsimony_8h__dep__incl.pdf): PDF inclusion: m
ultiple pdfs with page group included in a single page
>]) (./prob__distribution_8h.tex
<prob__distribution_8h__incl.pdf, id=3823, 1188.44pt x 493.845pt>
File: prob__distribution_8h__incl.pdf Graphic file (type pdf)
<use prob__distribution_8h__incl.pdf>
Package pdftex.def Info: prob__distribution_8h__incl.pdf  used on input line 14
.
(pdftex.def)             Requested size: 350.0pt x 145.44186pt.
<prob__distribution_8h__dep__incl.pdf, id=3824, 641.39626pt x 606.265pt>
File: prob__distribution_8h__dep__incl.pdf Graphic file (type pdf)
<use prob__distribution_8h__dep__incl.pdf>
Package pdftex.def Info: prob__distribution_8h__dep__incl.pdf  used on input li
ne 21.
(pdftex.def)             Requested size: 350.0pt x 330.83804pt.
 [91 <./prob__distribution_8h__incl.pdf>]
[92 <./prob__distribution_8h__dep__incl.pdf>] [93])
(./prob__distribution__aux_8h.tex
<prob__distribution__aux_8h__incl.pdf, id=3939, 1188.44pt x 550.055pt>
File: prob__distribution__aux_8h__incl.pdf Graphic file (type pdf)
<use prob__distribution__aux_8h__incl.pdf>
Package pdftex.def Info: prob__distribution__aux_8h__incl.pdf  used on input li
ne 13.
(pdftex.def)             Requested size: 350.0pt x 161.99623pt.
 [94 <./prob__distribution__aux_8h__incl.pdf>]
Overfull \hbox (73.22449pt too wide) in paragraph at lines 118--121
[][] \T1/phv/m/n/10 const dou-ble \T1/phv/b/n/10 scale-fac-tor \T1/phv/m/n/10 =
 115792089237316195423570985008687907853269984665640564039457584007913129639936
. 
 []

) (./quickselect__quantile_8h.tex
<quickselect__quantile_8h__incl.pdf, id=3969, 1188.44pt x 212.795pt>
File: quickselect__quantile_8h__incl.pdf Graphic file (type pdf)
<use quickselect__quantile_8h__incl.pdf>
Package pdftex.def Info: quickselect__quantile_8h__incl.pdf  used on input line
 13.
(pdftex.def)             Requested size: 350.0pt x 62.67006pt.
<quickselect__quantile_8h__dep__incl.pdf, id=3970, 193.72375pt x 156.585pt>
File: quickselect__quantile_8h__dep__incl.pdf Graphic file (type pdf)
<use quickselect__quantile_8h__dep__incl.pdf>
Package pdftex.def Info: quickselect__quantile_8h__dep__incl.pdf  used on input
 line 20.
(pdftex.def)             Requested size: 193.0pt x 156.00162pt.
 [95 <./quickselect__quantile_8h__incl.pdf>])
(./random__number_8h.tex
<random__number_8h__incl.pdf, id=4010, 1188.44pt x 437.635pt>
File: random__number_8h__incl.pdf Graphic file (type pdf)
<use random__number_8h__incl.pdf>
Package pdftex.def Info: random__number_8h__incl.pdf  used on input line 13.
(pdftex.def)             Requested size: 350.0pt x 128.88751pt.
<random__number_8h__dep__incl.pdf, id=4011, 641.39626pt x 662.475pt>
File: random__number_8h__dep__incl.pdf Graphic file (type pdf)
<use random__number_8h__dep__incl.pdf>
Package pdftex.def Info: random__number_8h__dep__incl.pdf  used on input line 2
0.
(pdftex.def)             Requested size: 350.0pt x 361.51176pt.
 [96 <./quickselect__quantile_8h__dep__incl.pdf> <./random__number_8h__incl.pdf


pdfTeX warning: pdflatex (file ./random__number_8h__incl.pdf): PDF inclusion: m
ultiple pdfs with page group included in a single page
>] [97 <./random__number_8h__dep__incl.pdf>]
LaTeX Font Info:    Try loading font information for TS1+pcr on input line 106.


(/usr/share/texlive/texmf-dist/tex/latex/psnfss/ts1pcr.fd
File: ts1pcr.fd 2001/06/04 font definitions for TS1/pcr.
) [98]
Underfull \hbox (badness 958) in paragraph at lines 108--109
[]\T1/phv/m/n/10 Our mod-i-fi-ca-tion to the orig-i-nal Taus-worthe (L[]F[]SR) 
al-go-rithms is to com-bine it with the [][]\T1/pcr/m/n/10 generalized
 []

) (./random__number__aux_8h.tex [99] [100]) (./read__newick__trees_8h.tex
<read__newick__trees_8h__incl.pdf, id=4130, 1188.44pt x 774.895pt>
File: read__newick__trees_8h__incl.pdf Graphic file (type pdf)
<use read__newick__trees_8h__incl.pdf>
Package pdftex.def Info: read__newick__trees_8h__incl.pdf  used on input line 1
4.
(pdftex.def)             Requested size: 350.0pt x 228.21367pt.

[101]
<read__newick__trees_8h__dep__incl.pdf, id=4143, 187.70125pt x 269.005pt>
File: read__newick__trees_8h__dep__incl.pdf Graphic file (type pdf)
<use read__newick__trees_8h__dep__incl.pdf>
Package pdftex.def Info: read__newick__trees_8h__dep__incl.pdf  used on input l
ine 21.
(pdftex.def)             Requested size: 187.0pt x 268.01509pt.
 [102 <./read__newick__trees_8h__incl.pdf> <./read__newick__trees_8h__dep__incl
.pdf

pdfTeX warning: pdflatex (file ./read__newick__trees_8h__dep__incl.pdf): PDF in
clusion: multiple pdfs with page group included in a single page
>]) (./reconciliation_8h.tex
<reconciliation_8h__incl.pdf, id=4184, 1188.44pt x 943.525pt>
File: reconciliation_8h__incl.pdf Graphic file (type pdf)
<use reconciliation_8h__incl.pdf>
Package pdftex.def Info: reconciliation_8h__incl.pdf  used on input line 13.
(pdftex.def)             Requested size: 350.0pt x 277.87675pt.
 [103]
<reconciliation_8h__dep__incl.pdf, id=4201, 184.69pt x 156.585pt>
File: reconciliation_8h__dep__incl.pdf Graphic file (type pdf)
<use reconciliation_8h__dep__incl.pdf>
Package pdftex.def Info: reconciliation_8h__dep__incl.pdf  used on input line 2
0.
(pdftex.def)             Requested size: 184.0pt x 156.00162pt.
 [104 <./reconciliation_8h__incl.pdf> <./reconciliation_8h__dep__incl.pdf

pdfTeX warning: pdflatex (file ./reconciliation_8h__dep__incl.pdf): PDF inclusi
on: multiple pdfs with page group included in a single page
>]) (./splitset__distances_8h.tex
<splitset__distances_8h__incl.pdf, id=4241, 1188.44pt x 999.735pt>
File: splitset__distances_8h__incl.pdf Graphic file (type pdf)
<use splitset__distances_8h__incl.pdf>
Package pdftex.def Info: splitset__distances_8h__incl.pdf  used on input line 1
3.
(pdftex.def)             Requested size: 350.0pt x 294.43112pt.
 [105 <./splitset__distances_8h__incl.pdf>])
(./topology__common_8h.tex
<topology__common_8h__incl.pdf, id=4281, 1188.44pt x 662.475pt>
File: topology__common_8h__incl.pdf Graphic file (type pdf)
<use topology__common_8h__incl.pdf>
Package pdftex.def Info: topology__common_8h__incl.pdf  used on input line 15.
(pdftex.def)             Requested size: 350.0pt x 195.10495pt.
<topology__common_8h__dep__incl.pdf, id=4282, 382.42876pt x 437.635pt>
File: topology__common_8h__dep__incl.pdf Graphic file (type pdf)
<use topology__common_8h__dep__incl.pdf>
Package pdftex.def Info: topology__common_8h__dep__incl.pdf  used on input line
 22.
(pdftex.def)             Requested size: 350.0pt x 400.54562pt.

Underfull \vbox (badness 10000) has occurred while \output is active []

 [106 <./topology__common_8h__incl.pdf>] [107 <./topology__common_8h__dep__incl
.pdf>]
[108] [109]
Underfull \hbox (badness 10000) detected at line 157
[][][]
 []


Underfull \hbox (badness 10000) detected at line 177
[][][]
 []


Underfull \hbox (badness 10000) detected at line 197
[][][]
 []

[110] [111]
Overfull \hbox (34.3562pt too wide) in paragraph at lines 257--257
[]\T1/pcr/m/n/8 * p.right/              \p.up.left || p.up.right      p.right/ 
               |p.up.left || p.up.right[] 
 []

) (./topology__distance_8h.tex
<topology__distance_8h__incl.pdf, id=4473, 1188.44pt x 718.685pt>
File: topology__distance_8h__incl.pdf Graphic file (type pdf)
<use topology__distance_8h__incl.pdf>
Package pdftex.def Info: topology__distance_8h__incl.pdf  used on input line 13
.
(pdftex.def)             Requested size: 350.0pt x 211.65932pt.
<topology__distance_8h__dep__incl.pdf, id=4474, 382.42876pt x 381.425pt>
File: topology__distance_8h__dep__incl.pdf Graphic file (type pdf)
<use topology__distance_8h__dep__incl.pdf>
Package pdftex.def Info: topology__distance_8h__dep__incl.pdf  used on input li
ne 20.
(pdftex.def)             Requested size: 350.0pt x 349.09938pt.
 [112 <./topology__distance_8h__incl.pdf>])
(./topology__randomise_8h.tex
<topology__randomise_8h__incl.pdf, id=4499, 1188.44pt x 774.895pt>
File: topology__randomise_8h__incl.pdf Graphic file (type pdf)
<use topology__randomise_8h__incl.pdf>
Package pdftex.def Info: topology__randomise_8h__incl.pdf  used on input line 1
4.
(pdftex.def)             Requested size: 350.0pt x 228.21367pt.
 [113 <./topology__distance_8h__dep__incl.pdf>]
<topology__randomise_8h__dep__incl.pdf, id=4519, 257.96375pt x 325.215pt>
File: topology__randomise_8h__dep__incl.pdf Graphic file (type pdf)
<use topology__randomise_8h__dep__incl.pdf>
Package pdftex.def Info: topology__randomise_8h__dep__incl.pdf  used on input l
ine 21.
(pdftex.def)             Requested size: 257.0pt x 324.02818pt.

[114 <./topology__randomise_8h__incl.pdf> <./topology__randomise_8h__dep__incl.
pdf

pdfTeX warning: pdflatex (file ./topology__randomise_8h__dep__incl.pdf): PDF in
clusion: multiple pdfs with page group included in a single page
>]) (./topology__space_8h.tex
<topology__space_8h__incl.pdf, id=4569, 1188.44pt x 887.315pt>
File: topology__space_8h__incl.pdf Graphic file (type pdf)
<use topology__space_8h__incl.pdf>
Package pdftex.def Info: topology__space_8h__incl.pdf  used on input line 13.
(pdftex.def)             Requested size: 350.0pt x 261.3224pt.

Underfull \vbox (badness 1297) has occurred while \output is active []

 [115]
<topology__space_8h__dep__incl.pdf, id=4588, 173.64874pt x 156.585pt>
File: topology__space_8h__dep__incl.pdf Graphic file (type pdf)
<use topology__space_8h__dep__incl.pdf>
Package pdftex.def Info: topology__space_8h__dep__incl.pdf  used on input line 
20.
(pdftex.def)             Requested size: 173.0pt x 156.0064pt.

[116 <./topology__space_8h__incl.pdf> <./topology__space_8h__dep__incl.pdf

pdfTeX warning: pdflatex (file ./topology__space_8h__dep__incl.pdf): PDF inclus
ion: multiple pdfs with page group included in a single page
>]) (./upgma_8h.tex
<upgma_8h__incl.pdf, id=4645, 1188.44pt x 831.105pt>
File: upgma_8h__incl.pdf Graphic file (type pdf)
<use upgma_8h__incl.pdf>
Package pdftex.def Info: upgma_8h__incl.pdf  used on input line 13.
(pdftex.def)             Requested size: 350.0pt x 244.76804pt.
 [117]
<upgma_8h__dep__incl.pdf, id=4662, 257.96375pt x 269.005pt>
File: upgma_8h__dep__incl.pdf Graphic file (type pdf)
<use upgma_8h__dep__incl.pdf>
Package pdftex.def Info: upgma_8h__dep__incl.pdf  used on input line 20.
(pdftex.def)             Requested size: 257.0pt x 268.0233pt.
 [118 <./upgma_8h__incl.pdf> <./upgma_8h__dep__incl.pdf

pdfTeX warning: pdflatex (file ./upgma_8h__dep__incl.pdf): PDF inclusion: multi
ple pdfs with page group included in a single page
>]) [119] [120

] (./refman.ind [121

] [122] [123

])
Package atveryend Info: Empty hook `BeforeClearDocument' on input line 250.
Package atveryend Info: Empty hook `AfterLastShipout' on input line 250.
 (./refman.aux)
Package atveryend Info: Executing hook `AtVeryEndDocument' on input line 250.
Package atveryend Info: Executing hook `AtEndAfterFileList' on input line 250.
Package rerunfilecheck Info: File `refman.out' has not changed.
(rerunfilecheck)             Checksum: FFB6AC4C79B05FBEC9060C9E6115A253;41142.


LaTeX Warning: There were undefined references.

Package atveryend Info: Empty hook `AtVeryVeryEnd' on input line 250.
 ) 
Here is how much of TeX's memory you used:
 18197 strings out of 494923
 344140 string characters out of 6180742
 353246 words of memory out of 5000000
 19392 multiletter control sequences out of 15000+600000
 59392 words of font info for 89 fonts, out of 8000000 for 9000
 14 hyphenation exceptions out of 8191
 53i,16n,92p,2361b,630s stack positions out of 5000i,500n,10000p,200000b,80000s
{/usr/share/texlive/texmf-dist/fonts/enc/dvips/base/8r.enc}</usr/share/texliv
e/texmf-dist/fonts/type1/public/amsfonts/cm/cmmi10.pfb></usr/share/texlive/texm
f-dist/fonts/type1/public/amsfonts/cm/cmmi7.pfb></usr/share/texlive/texmf-dist/
fonts/type1/public/amsfonts/cm/cmmi9.pfb></usr/share/texlive/texmf-dist/fonts/t
ype1/public/amsfonts/cm/cmr10.pfb></usr/share/texlive/texmf-dist/fonts/type1/pu
blic/amsfonts/cm/cmr6.pfb></usr/share/texlive/texmf-dist/fonts/type1/public/ams
fonts/cm/cmr7.pfb></usr/share/texlive/texmf-dist/fonts/type1/public/amsfonts/cm
/cmr9.pfb></usr/share/texlive/texmf-dist/fonts/type1/public/amsfonts/cm/cmsy10.
pfb></usr/share/texlive/texmf-dist/fonts/type1/public/amsfonts/cm/cmsy6.pfb></u
sr/share/texlive/texmf-dist/fonts/type1/public/amsfonts/cm/cmsy7.pfb></usr/shar
e/texlive/texmf-dist/fonts/type1/public/amsfonts/cm/cmsy8.pfb></usr/share/texli
ve/texmf-dist/fonts/type1/public/amsfonts/cm/cmsy9.pfb></usr/share/texlive/texm
f-dist/fonts/type1/urw/courier/ucrr8a.pfb></usr/share/texlive/texmf-dist/fonts/
type1/urw/courier/ucrro8a.pfb></usr/share/texlive/texmf-dist/fonts/type1/urw/he
lvetic/uhvb8a.pfb></usr/share/texlive/texmf-dist/fonts/type1/urw/helvetic/uhvb8
ac.pfb></usr/share/texlive/texmf-dist/fonts/type1/urw/helvetic/uhvbo8a.pfb></us
r/share/texlive/texmf-dist/fonts/type1/urw/helvetic/uhvr8a.pfb></usr/share/texl
ive/texmf-dist/fonts/type1/urw/helvetic/uhvro8a.pfb>
Output written on refman.pdf (129 pages, 764314 bytes).
PDF statistics:
 5294 PDF objects out of 6186 (max. 8388607)
 4908 compressed objects within 50 object streams
 1573 named destinations out of 1728 (max. 500000)
 1867 words of extra memory for PDF output out of 10000 (max. 10000000)

