\BOOKMARK [1][-]{section.1}{\376\377\0001\000\040\000D\000a\000t\000a\000\040\000S\000t\000r\000u\000c\000t\000u\000r\000e\000\040\000I\000n\000d\000e\000x}{}% 1
\BOOKMARK [2][-]{subsection.1.1}{\376\377\0001\000.\0001\000\040\000D\000a\000t\000a\000\040\000S\000t\000r\000u\000c\000t\000u\000r\000e\000s}{section.1}% 2
\BOOKMARK [1][-]{section.2}{\376\377\0002\000\040\000F\000i\000l\000e\000\040\000I\000n\000d\000e\000x}{}% 3
\BOOKMARK [2][-]{subsection.2.1}{\376\377\0002\000.\0001\000\040\000F\000i\000l\000e\000\040\000L\000i\000s\000t}{section.2}% 4
\BOOKMARK [1][-]{section.3}{\376\377\0003\000\040\000D\000a\000t\000a\000\040\000S\000t\000r\000u\000c\000t\000u\000r\000e\000\040\000D\000o\000c\000u\000m\000e\000n\000t\000a\000t\000i\000o\000n}{}% 5
\BOOKMARK [2][-]{subsection.3.1}{\376\377\0003\000.\0001\000\040\000a\000l\000i\000g\000n\000m\000e\000n\000t\000\137\000s\000t\000r\000u\000c\000t\000\040\000S\000t\000r\000u\000c\000t\000\040\000R\000e\000f\000e\000r\000e\000n\000c\000e}{section.3}% 6
\BOOKMARK [3][-]{subsubsection.3.1.1}{\376\377\0003\000.\0001\000.\0001\000\040\000D\000e\000t\000a\000i\000l\000e\000d\000\040\000D\000e\000s\000c\000r\000i\000p\000t\000i\000o\000n}{subsection.3.1}% 7
\BOOKMARK [2][-]{subsection.3.2}{\376\377\0003\000.\0002\000\040\000a\000r\000g\000\137\000d\000a\000t\000e\000\040\000S\000t\000r\000u\000c\000t\000\040\000R\000e\000f\000e\000r\000e\000n\000c\000e}{section.3}% 8
\BOOKMARK [2][-]{subsection.3.3}{\376\377\0003\000.\0003\000\040\000a\000r\000g\000\137\000d\000b\000l\000\040\000S\000t\000r\000u\000c\000t\000\040\000R\000e\000f\000e\000r\000e\000n\000c\000e}{section.3}% 9
\BOOKMARK [2][-]{subsection.3.4}{\376\377\0003\000.\0004\000\040\000a\000r\000g\000\137\000e\000n\000d\000\040\000S\000t\000r\000u\000c\000t\000\040\000R\000e\000f\000e\000r\000e\000n\000c\000e}{section.3}% 10
\BOOKMARK [2][-]{subsection.3.5}{\376\377\0003\000.\0005\000\040\000a\000r\000g\000\137\000f\000i\000l\000e\000\040\000S\000t\000r\000u\000c\000t\000\040\000R\000e\000f\000e\000r\000e\000n\000c\000e}{section.3}% 11
\BOOKMARK [2][-]{subsection.3.6}{\376\377\0003\000.\0006\000\040\000a\000r\000g\000\137\000h\000d\000r\000\040\000S\000t\000r\000u\000c\000t\000\040\000R\000e\000f\000e\000r\000e\000n\000c\000e}{section.3}% 12
\BOOKMARK [2][-]{subsection.3.7}{\376\377\0003\000.\0007\000\040\000a\000r\000g\000\137\000i\000n\000t\000\040\000S\000t\000r\000u\000c\000t\000\040\000R\000e\000f\000e\000r\000e\000n\000c\000e}{section.3}% 13
\BOOKMARK [2][-]{subsection.3.8}{\376\377\0003\000.\0008\000\040\000a\000r\000g\000\137\000l\000i\000t\000\040\000S\000t\000r\000u\000c\000t\000\040\000R\000e\000f\000e\000r\000e\000n\000c\000e}{section.3}% 14
\BOOKMARK [2][-]{subsection.3.9}{\376\377\0003\000.\0009\000\040\000a\000r\000g\000\137\000r\000e\000m\000\040\000S\000t\000r\000u\000c\000t\000\040\000R\000e\000f\000e\000r\000e\000n\000c\000e}{section.3}% 15
\BOOKMARK [2][-]{subsection.3.10}{\376\377\0003\000.\0001\0000\000\040\000a\000r\000g\000\137\000r\000e\000x\000\040\000S\000t\000r\000u\000c\000t\000\040\000R\000e\000f\000e\000r\000e\000n\000c\000e}{section.3}% 16
\BOOKMARK [2][-]{subsection.3.11}{\376\377\0003\000.\0001\0001\000\040\000a\000r\000g\000\137\000s\000t\000r\000\040\000S\000t\000r\000u\000c\000t\000\040\000R\000e\000f\000e\000r\000e\000n\000c\000e}{section.3}% 17
\BOOKMARK [2][-]{subsection.3.12}{\376\377\0003\000.\0001\0002\000\040\000b\000i\000n\000a\000r\000y\000\137\000p\000a\000r\000s\000i\000m\000o\000n\000y\000\137\000d\000a\000t\000a\000m\000a\000t\000r\000i\000x\000\137\000s\000t\000r\000u\000c\000t\000\040\000S\000t\000r\000u\000c\000t\000\040\000R\000e\000f\000e\000r\000e\000n\000c\000e}{section.3}% 18
\BOOKMARK [3][-]{subsubsection.3.12.1}{\376\377\0003\000.\0001\0002\000.\0001\000\040\000D\000e\000t\000a\000i\000l\000e\000d\000\040\000D\000e\000s\000c\000r\000i\000p\000t\000i\000o\000n}{subsection.3.12}% 19
\BOOKMARK [2][-]{subsection.3.13}{\376\377\0003\000.\0001\0003\000\040\000b\000i\000n\000a\000r\000y\000\137\000p\000a\000r\000s\000i\000m\000o\000n\000y\000\137\000s\000t\000r\000u\000c\000t\000\040\000S\000t\000r\000u\000c\000t\000\040\000R\000e\000f\000e\000r\000e\000n\000c\000e}{section.3}% 20
\BOOKMARK [2][-]{subsection.3.14}{\376\377\0003\000.\0001\0004\000\040\000b\000i\000o\000m\000c\000m\000c\000\137\000r\000n\000g\000\137\000s\000t\000r\000u\000c\000t\000\040\000S\000t\000r\000u\000c\000t\000\040\000R\000e\000f\000e\000r\000e\000n\000c\000e}{section.3}% 21
\BOOKMARK [3][-]{subsubsection.3.14.1}{\376\377\0003\000.\0001\0004\000.\0001\000\040\000D\000e\000t\000a\000i\000l\000e\000d\000\040\000D\000e\000s\000c\000r\000i\000p\000t\000i\000o\000n}{subsection.3.14}% 22
\BOOKMARK [2][-]{subsection.3.15}{\376\377\0003\000.\0001\0005\000\040\000b\000i\000p\000\137\000h\000a\000s\000h\000i\000t\000e\000m\000\137\000s\000t\000r\000u\000c\000t\000\040\000S\000t\000r\000u\000c\000t\000\040\000R\000e\000f\000e\000r\000e\000n\000c\000e}{section.3}% 23
\BOOKMARK [3][-]{subsubsection.3.15.1}{\376\377\0003\000.\0001\0005\000.\0001\000\040\000D\000e\000t\000a\000i\000l\000e\000d\000\040\000D\000e\000s\000c\000r\000i\000p\000t\000i\000o\000n}{subsection.3.15}% 24
\BOOKMARK [2][-]{subsection.3.16}{\376\377\0003\000.\0001\0006\000\040\000b\000i\000p\000\137\000h\000a\000s\000h\000t\000a\000b\000l\000e\000\137\000s\000t\000r\000u\000c\000t\000\040\000S\000t\000r\000u\000c\000t\000\040\000R\000e\000f\000e\000r\000e\000n\000c\000e}{section.3}% 25
\BOOKMARK [3][-]{subsubsection.3.16.1}{\376\377\0003\000.\0001\0006\000.\0001\000\040\000D\000e\000t\000a\000i\000l\000e\000d\000\040\000D\000e\000s\000c\000r\000i\000p\000t\000i\000o\000n}{subsection.3.16}% 26
\BOOKMARK [2][-]{subsection.3.17}{\376\377\0003\000.\0001\0007\000\040\000b\000i\000p\000a\000r\000t\000i\000t\000i\000o\000n\000\137\000s\000t\000r\000u\000c\000t\000\040\000S\000t\000r\000u\000c\000t\000\040\000R\000e\000f\000e\000r\000e\000n\000c\000e}{section.3}% 27
\BOOKMARK [3][-]{subsubsection.3.17.1}{\376\377\0003\000.\0001\0007\000.\0001\000\040\000D\000e\000t\000a\000i\000l\000e\000d\000\040\000D\000e\000s\000c\000r\000i\000p\000t\000i\000o\000n}{subsection.3.17}% 28
\BOOKMARK [2][-]{subsection.3.18}{\376\377\0003\000.\0001\0008\000\040\000b\000i\000p\000s\000i\000z\000e\000\137\000s\000t\000r\000u\000c\000t\000\040\000S\000t\000r\000u\000c\000t\000\040\000R\000e\000f\000e\000r\000e\000n\000c\000e}{section.3}% 29
\BOOKMARK [2][-]{subsection.3.19}{\376\377\0003\000.\0001\0009\000\040\000c\000h\000a\000r\000\137\000v\000e\000c\000t\000o\000r\000\137\000s\000t\000r\000u\000c\000t\000\040\000S\000t\000r\000u\000c\000t\000\040\000R\000e\000f\000e\000r\000e\000n\000c\000e}{section.3}% 30
\BOOKMARK [3][-]{subsubsection.3.19.1}{\376\377\0003\000.\0001\0009\000.\0001\000\040\000D\000e\000t\000a\000i\000l\000e\000d\000\040\000D\000e\000s\000c\000r\000i\000p\000t\000i\000o\000n}{subsection.3.19}% 31
\BOOKMARK [2][-]{subsection.3.20}{\376\377\0003\000.\0002\0000\000\040\000c\000h\000a\000r\000v\000e\000c\000\137\000s\000t\000r\000\040\000S\000t\000r\000u\000c\000t\000\040\000R\000e\000f\000e\000r\000e\000n\000c\000e}{section.3}% 32
\BOOKMARK [2][-]{subsection.3.21}{\376\377\0003\000.\0002\0001\000\040\000d\000i\000s\000c\000r\000e\000t\000e\000\137\000s\000a\000m\000p\000l\000e\000\137\000s\000t\000r\000u\000c\000t\000\040\000S\000t\000r\000u\000c\000t\000\040\000R\000e\000f\000e\000r\000e\000n\000c\000e}{section.3}% 33
\BOOKMARK [2][-]{subsection.3.22}{\376\377\0003\000.\0002\0002\000\040\000d\000i\000s\000t\000a\000n\000c\000e\000\137\000g\000e\000n\000e\000r\000a\000t\000o\000r\000\137\000s\000t\000r\000u\000c\000t\000\040\000S\000t\000r\000u\000c\000t\000\040\000R\000e\000f\000e\000r\000e\000n\000c\000e}{section.3}% 34
\BOOKMARK [2][-]{subsection.3.23}{\376\377\0003\000.\0002\0003\000\040\000d\000i\000s\000t\000a\000n\000c\000e\000\137\000m\000a\000t\000r\000i\000x\000\137\000s\000t\000r\000u\000c\000t\000\040\000S\000t\000r\000u\000c\000t\000\040\000R\000e\000f\000e\000r\000e\000n\000c\000e}{section.3}% 35
\BOOKMARK [2][-]{subsection.3.24}{\376\377\0003\000.\0002\0004\000\040\000d\000s\000a\000m\000p\000l\000e\000\137\000s\000t\000a\000c\000k\000\137\000s\000t\000r\000u\000c\000t\000\040\000S\000t\000r\000u\000c\000t\000\040\000R\000e\000f\000e\000r\000e\000n\000c\000e}{section.3}% 36
\BOOKMARK [2][-]{subsection.3.25}{\376\377\0003\000.\0002\0005\000\040\000e\000d\000g\000e\000a\000r\000r\000a\000y\000\137\000i\000t\000e\000m\000\040\000S\000t\000r\000u\000c\000t\000\040\000R\000e\000f\000e\000r\000e\000n\000c\000e}{section.3}% 37
\BOOKMARK [2][-]{subsection.3.26}{\376\377\0003\000.\0002\0006\000\040\000e\000l\000e\000m\000e\000n\000t\000\040\000S\000t\000r\000u\000c\000t\000\040\000R\000e\000f\000e\000r\000e\000n\000c\000e}{section.3}% 38
\BOOKMARK [2][-]{subsection.3.27}{\376\377\0003\000.\0002\0007\000\040\000e\000m\000p\000f\000r\000e\000q\000\137\000d\000o\000u\000b\000l\000e\000\137\000e\000l\000e\000m\000e\000n\000t\000\040\000S\000t\000r\000u\000c\000t\000\040\000R\000e\000f\000e\000r\000e\000n\000c\000e}{section.3}% 39
\BOOKMARK [2][-]{subsection.3.28}{\376\377\0003\000.\0002\0008\000\040\000e\000m\000p\000f\000r\000e\000q\000\137\000d\000o\000u\000b\000l\000e\000\137\000s\000t\000r\000u\000c\000t\000\040\000S\000t\000r\000u\000c\000t\000\040\000R\000e\000f\000e\000r\000e\000n\000c\000e}{section.3}% 40
\BOOKMARK [2][-]{subsection.3.29}{\376\377\0003\000.\0002\0009\000\040\000e\000m\000p\000f\000r\000e\000q\000\137\000e\000l\000e\000m\000e\000n\000t\000\040\000S\000t\000r\000u\000c\000t\000\040\000R\000e\000f\000e\000r\000e\000n\000c\000e}{section.3}% 41
\BOOKMARK [2][-]{subsection.3.30}{\376\377\0003\000.\0003\0000\000\040\000e\000m\000p\000f\000r\000e\000q\000\137\000s\000t\000r\000u\000c\000t\000\040\000S\000t\000r\000u\000c\000t\000\040\000R\000e\000f\000e\000r\000e\000n\000c\000e}{section.3}% 42
\BOOKMARK [2][-]{subsection.3.31}{\376\377\0003\000.\0003\0001\000\040\000g\000e\000n\000e\000t\000r\000e\000e\000\137\000s\000t\000r\000u\000c\000t\000\040\000S\000t\000r\000u\000c\000t\000\040\000R\000e\000f\000e\000r\000e\000n\000c\000e}{section.3}% 43
\BOOKMARK [2][-]{subsection.3.32}{\376\377\0003\000.\0003\0002\000\040\000g\000o\000p\000t\000i\000c\000s\000\137\000c\000l\000u\000s\000t\000e\000r\000\137\000s\000t\000r\000u\000c\000t\000\040\000S\000t\000r\000u\000c\000t\000\040\000R\000e\000f\000e\000r\000e\000n\000c\000e}{section.3}% 44
\BOOKMARK [2][-]{subsection.3.33}{\376\377\0003\000.\0003\0003\000\040\000h\000a\000s\000h\000t\000a\000b\000l\000e\000\137\000i\000t\000e\000m\000\137\000s\000t\000r\000u\000c\000t\000\040\000S\000t\000r\000u\000c\000t\000\040\000R\000e\000f\000e\000r\000e\000n\000c\000e}{section.3}% 45
\BOOKMARK [3][-]{subsubsection.3.33.1}{\376\377\0003\000.\0003\0003\000.\0001\000\040\000D\000e\000t\000a\000i\000l\000e\000d\000\040\000D\000e\000s\000c\000r\000i\000p\000t\000i\000o\000n}{subsection.3.33}% 46
\BOOKMARK [2][-]{subsection.3.34}{\376\377\0003\000.\0003\0004\000\040\000h\000a\000s\000h\000t\000a\000b\000l\000e\000\137\000s\000t\000r\000u\000c\000t\000\040\000S\000t\000r\000u\000c\000t\000\040\000R\000e\000f\000e\000r\000e\000n\000c\000e}{section.3}% 47
\BOOKMARK [3][-]{subsubsection.3.34.1}{\376\377\0003\000.\0003\0004\000.\0001\000\040\000D\000e\000t\000a\000i\000l\000e\000d\000\040\000D\000e\000s\000c\000r\000i\000p\000t\000i\000o\000n}{subsection.3.34}% 48
\BOOKMARK [2][-]{subsection.3.35}{\376\377\0003\000.\0003\0005\000\040\000h\000l\000l\000\137\000e\000s\000t\000i\000m\000a\000t\000e\000\137\000s\000\040\000S\000t\000r\000u\000c\000t\000\040\000R\000e\000f\000e\000r\000e\000n\000c\000e}{section.3}% 49
\BOOKMARK [3][-]{subsubsection.3.35.1}{\376\377\0003\000.\0003\0005\000.\0001\000\040\000D\000e\000t\000a\000i\000l\000e\000d\000\040\000D\000e\000s\000c\000r\000i\000p\000t\000i\000o\000n}{subsection.3.35}% 50
\BOOKMARK [3][-]{subsubsection.3.35.2}{\376\377\0003\000.\0003\0005\000.\0002\000\040\000F\000i\000e\000l\000d\000\040\000D\000o\000c\000u\000m\000e\000n\000t\000a\000t\000i\000o\000n}{subsection.3.35}% 51
\BOOKMARK [2][-]{subsection.3.36}{\376\377\0003\000.\0003\0006\000\040\000h\000l\000l\000\137\000s\000\040\000S\000t\000r\000u\000c\000t\000\040\000R\000e\000f\000e\000r\000e\000n\000c\000e}{section.3}% 52
\BOOKMARK [2][-]{subsection.3.37}{\376\377\0003\000.\0003\0007\000\040\000h\000u\000n\000g\000a\000r\000i\000a\000n\000\137\000s\000t\000r\000u\000c\000t\000\040\000S\000t\000r\000u\000c\000t\000\040\000R\000e\000f\000e\000r\000e\000n\000c\000e}{section.3}% 53
\BOOKMARK [2][-]{subsection.3.38}{\376\377\0003\000.\0003\0008\000\040\000k\000m\000e\000r\000\137\000p\000a\000r\000a\000m\000s\000\137\000s\000t\000r\000u\000c\000t\000\040\000S\000t\000r\000u\000c\000t\000\040\000R\000e\000f\000e\000r\000e\000n\000c\000e}{section.3}% 54
\BOOKMARK [2][-]{subsection.3.39}{\376\377\0003\000.\0003\0009\000\040\000k\000m\000e\000r\000h\000a\000s\000h\000\137\000s\000t\000r\000u\000c\000t\000\040\000S\000t\000r\000u\000c\000t\000\040\000R\000e\000f\000e\000r\000e\000n\000c\000e}{section.3}% 55
\BOOKMARK [2][-]{subsection.3.40}{\376\377\0003\000.\0004\0000\000\040\000l\000o\000n\000g\000o\000p\000t\000i\000o\000n\000s\000\040\000S\000t\000r\000u\000c\000t\000\040\000R\000e\000f\000e\000r\000e\000n\000c\000e}{section.3}% 56
\BOOKMARK [2][-]{subsection.3.41}{\376\377\0003\000.\0004\0001\000\040\000n\000e\000w\000i\000c\000k\000\137\000n\000o\000d\000e\000\137\000s\000t\000r\000u\000c\000t\000\040\000S\000t\000r\000u\000c\000t\000\040\000R\000e\000f\000e\000r\000e\000n\000c\000e}{section.3}% 57
\BOOKMARK [3][-]{subsubsection.3.41.1}{\376\377\0003\000.\0004\0001\000.\0001\000\040\000D\000e\000t\000a\000i\000l\000e\000d\000\040\000D\000e\000s\000c\000r\000i\000p\000t\000i\000o\000n}{subsection.3.41}% 58
\BOOKMARK [2][-]{subsection.3.42}{\376\377\0003\000.\0004\0002\000\040\000n\000e\000w\000i\000c\000k\000\137\000s\000p\000a\000c\000e\000\137\000s\000t\000r\000u\000c\000t\000\040\000S\000t\000r\000u\000c\000t\000\040\000R\000e\000f\000e\000r\000e\000n\000c\000e}{section.3}% 59
\BOOKMARK [3][-]{subsubsection.3.42.1}{\376\377\0003\000.\0004\0002\000.\0001\000\040\000D\000e\000t\000a\000i\000l\000e\000d\000\040\000D\000e\000s\000c\000r\000i\000p\000t\000i\000o\000n}{subsection.3.42}% 60
\BOOKMARK [2][-]{subsection.3.43}{\376\377\0003\000.\0004\0003\000\040\000n\000e\000w\000i\000c\000k\000\137\000t\000r\000e\000e\000\137\000s\000t\000r\000u\000c\000t\000\040\000S\000t\000r\000u\000c\000t\000\040\000R\000e\000f\000e\000r\000e\000n\000c\000e}{section.3}% 61
\BOOKMARK [2][-]{subsection.3.44}{\376\377\0003\000.\0004\0004\000\040\000p\000o\000i\000n\000t\000\040\000S\000t\000r\000u\000c\000t\000\040\000R\000e\000f\000e\000r\000e\000n\000c\000e}{section.3}% 62
\BOOKMARK [2][-]{subsection.3.45}{\376\377\0003\000.\0004\0005\000\040\000P\000r\000i\000o\000r\000i\000t\000y\000Q\000u\000e\000u\000e\000\040\000S\000t\000r\000u\000c\000t\000\040\000R\000e\000f\000e\000r\000e\000n\000c\000e}{section.3}% 63
\BOOKMARK [2][-]{subsection.3.46}{\376\377\0003\000.\0004\0006\000\040\000p\000r\000i\000v\000h\000d\000r\000\040\000S\000t\000r\000u\000c\000t\000\040\000R\000e\000f\000e\000r\000e\000n\000c\000e}{section.3}% 64
\BOOKMARK [2][-]{subsection.3.47}{\376\377\0003\000.\0004\0007\000\040\000r\000e\000c\000o\000n\000c\000i\000l\000i\000a\000t\000i\000o\000n\000\137\000s\000t\000r\000u\000c\000t\000\040\000S\000t\000r\000u\000c\000t\000\040\000R\000e\000f\000e\000r\000e\000n\000c\000e}{section.3}% 65
\BOOKMARK [3][-]{subsubsection.3.47.1}{\376\377\0003\000.\0004\0007\000.\0001\000\040\000D\000e\000t\000a\000i\000l\000e\000d\000\040\000D\000e\000s\000c\000r\000i\000p\000t\000i\000o\000n}{subsection.3.47}% 66
\BOOKMARK [2][-]{subsection.3.48}{\376\377\0003\000.\0004\0008\000\040\000r\000n\000g\000\137\000d\000i\000a\000c\000o\000n\000i\000s\000\137\000s\000t\000r\000u\000c\000t\000\040\000S\000t\000r\000u\000c\000t\000\040\000R\000e\000f\000e\000r\000e\000n\000c\000e}{section.3}% 67
\BOOKMARK [3][-]{subsubsection.3.48.1}{\376\377\0003\000.\0004\0008\000.\0001\000\040\000D\000e\000t\000a\000i\000l\000e\000d\000\040\000D\000e\000s\000c\000r\000i\000p\000t\000i\000o\000n}{subsection.3.48}% 68
\BOOKMARK [2][-]{subsection.3.49}{\376\377\0003\000.\0004\0009\000\040\000r\000n\000g\000\137\000g\000f\000s\000r\0004\000\137\000s\000t\000r\000u\000c\000t\000\040\000S\000t\000r\000u\000c\000t\000\040\000R\000e\000f\000e\000r\000e\000n\000c\000e}{section.3}% 69
\BOOKMARK [3][-]{subsubsection.3.49.1}{\376\377\0003\000.\0004\0009\000.\0001\000\040\000D\000e\000t\000a\000i\000l\000e\000d\000\040\000D\000e\000s\000c\000r\000i\000p\000t\000i\000o\000n}{subsection.3.49}% 70
\BOOKMARK [2][-]{subsection.3.50}{\376\377\0003\000.\0005\0000\000\040\000r\000n\000g\000\137\000l\000f\000i\000b\0004\000\137\000s\000t\000r\000u\000c\000t\000\040\000S\000t\000r\000u\000c\000t\000\040\000R\000e\000f\000e\000r\000e\000n\000c\000e}{section.3}% 71
\BOOKMARK [3][-]{subsubsection.3.50.1}{\376\377\0003\000.\0005\0000\000.\0001\000\040\000D\000e\000t\000a\000i\000l\000e\000d\000\040\000D\000e\000s\000c\000r\000i\000p\000t\000i\000o\000n}{subsection.3.50}% 72
\BOOKMARK [2][-]{subsection.3.51}{\376\377\0003\000.\0005\0001\000\040\000r\000n\000g\000\137\000m\000t\0001\0009\0009\0003\0007\000\137\000s\000t\000r\000u\000c\000t\000\040\000S\000t\000r\000u\000c\000t\000\040\000R\000e\000f\000e\000r\000e\000n\000c\000e}{section.3}% 73
\BOOKMARK [3][-]{subsubsection.3.51.1}{\376\377\0003\000.\0005\0001\000.\0001\000\040\000D\000e\000t\000a\000i\000l\000e\000d\000\040\000D\000e\000s\000c\000r\000i\000p\000t\000i\000o\000n}{subsection.3.51}% 74
\BOOKMARK [2][-]{subsection.3.52}{\376\377\0003\000.\0005\0002\000\040\000r\000n\000g\000\137\000m\000t\0001\0009\0009\0003\0007\000a\000r\000\137\000s\000t\000r\000u\000c\000t\000\040\000S\000t\000r\000u\000c\000t\000\040\000R\000e\000f\000e\000r\000e\000n\000c\000e}{section.3}% 75
\BOOKMARK [3][-]{subsubsection.3.52.1}{\376\377\0003\000.\0005\0002\000.\0001\000\040\000D\000e\000t\000a\000i\000l\000e\000d\000\040\000D\000e\000s\000c\000r\000i\000p\000t\000i\000o\000n}{subsection.3.52}% 76
\BOOKMARK [2][-]{subsection.3.53}{\376\377\0003\000.\0005\0003\000\040\000r\000n\000g\000\137\000s\000w\000b\000\137\000s\000t\000r\000u\000c\000t\000\040\000S\000t\000r\000u\000c\000t\000\040\000R\000e\000f\000e\000r\000e\000n\000c\000e}{section.3}% 77
\BOOKMARK [3][-]{subsubsection.3.53.1}{\376\377\0003\000.\0005\0003\000.\0001\000\040\000D\000e\000t\000a\000i\000l\000e\000d\000\040\000D\000e\000s\000c\000r\000i\000p\000t\000i\000o\000n}{subsection.3.53}% 78
\BOOKMARK [2][-]{subsection.3.54}{\376\377\0003\000.\0005\0004\000\040\000r\000n\000g\000\137\000t\000a\000u\000s\000\137\000s\000t\000r\000u\000c\000t\000\040\000S\000t\000r\000u\000c\000t\000\040\000R\000e\000f\000e\000r\000e\000n\000c\000e}{section.3}% 79
\BOOKMARK [2][-]{subsection.3.55}{\376\377\0003\000.\0005\0005\000\040\000r\000n\000g\000\137\000t\000t\0008\0000\0000\000\137\000s\000t\000r\000u\000c\000t\000\040\000S\000t\000r\000u\000c\000t\000\040\000R\000e\000f\000e\000r\000e\000n\000c\000e}{section.3}% 80
\BOOKMARK [3][-]{subsubsection.3.55.1}{\376\377\0003\000.\0005\0005\000.\0001\000\040\000D\000e\000t\000a\000i\000l\000e\000d\000\040\000D\000e\000s\000c\000r\000i\000p\000t\000i\000o\000n}{subsection.3.55}% 81
\BOOKMARK [2][-]{subsection.3.56}{\376\377\0003\000.\0005\0006\000\040\000r\000n\000g\000\137\000w\000e\000l\000l\0001\0000\0002\0004\000\137\000s\000t\000r\000u\000c\000t\000\040\000S\000t\000r\000u\000c\000t\000\040\000R\000e\000f\000e\000r\000e\000n\000c\000e}{section.3}% 82
\BOOKMARK [2][-]{subsection.3.57}{\376\377\0003\000.\0005\0007\000\040\000r\000n\000g\000\137\000x\000o\000r\000s\000h\000i\000f\000t\000\137\000s\000t\000r\000u\000c\000t\000\040\000S\000t\000r\000u\000c\000t\000\040\000R\000e\000f\000e\000r\000e\000n\000c\000e}{section.3}% 83
\BOOKMARK [2][-]{subsection.3.58}{\376\377\0003\000.\0005\0008\000\040\000s\000p\000d\000i\000s\000t\000\137\000m\000a\000t\000r\000i\000x\000\137\000s\000t\000r\000u\000c\000t\000\040\000S\000t\000r\000u\000c\000t\000\040\000R\000e\000f\000e\000r\000e\000n\000c\000e}{section.3}% 84
\BOOKMARK [2][-]{subsection.3.59}{\376\377\0003\000.\0005\0009\000\040\000s\000p\000e\000c\000i\000e\000s\000t\000r\000e\000e\000\137\000s\000t\000r\000u\000c\000t\000\040\000S\000t\000r\000u\000c\000t\000\040\000R\000e\000f\000e\000r\000e\000n\000c\000e}{section.3}% 85
\BOOKMARK [2][-]{subsection.3.60}{\376\377\0003\000.\0006\0000\000\040\000s\000p\000l\000i\000t\000s\000e\000t\000\137\000s\000t\000r\000u\000c\000t\000\040\000S\000t\000r\000u\000c\000t\000\040\000R\000e\000f\000e\000r\000e\000n\000c\000e}{section.3}% 86
\BOOKMARK [2][-]{subsection.3.61}{\376\377\0003\000.\0006\0001\000\040\000t\000a\000g\000T\000R\000e\000x\000N\000o\000d\000e\000\040\000S\000t\000r\000u\000c\000t\000\040\000R\000e\000f\000e\000r\000e\000n\000c\000e}{section.3}% 87
\BOOKMARK [2][-]{subsection.3.62}{\376\377\0003\000.\0006\0002\000\040\000t\000o\000p\000o\000l\000\137\000n\000o\000d\000e\000\137\000s\000t\000r\000u\000c\000t\000\040\000S\000t\000r\000u\000c\000t\000\040\000R\000e\000f\000e\000r\000e\000n\000c\000e}{section.3}% 88
\BOOKMARK [3][-]{subsubsection.3.62.1}{\376\377\0003\000.\0006\0002\000.\0001\000\040\000D\000e\000t\000a\000i\000l\000e\000d\000\040\000D\000e\000s\000c\000r\000i\000p\000t\000i\000o\000n}{subsection.3.62}% 89
\BOOKMARK [2][-]{subsection.3.63}{\376\377\0003\000.\0006\0003\000\040\000t\000o\000p\000o\000l\000o\000g\000y\000\137\000s\000p\000a\000c\000e\000\137\000s\000t\000r\000u\000c\000t\000\040\000S\000t\000r\000u\000c\000t\000\040\000R\000e\000f\000e\000r\000e\000n\000c\000e}{section.3}% 90
\BOOKMARK [3][-]{subsubsection.3.63.1}{\376\377\0003\000.\0006\0003\000.\0001\000\040\000D\000e\000t\000a\000i\000l\000e\000d\000\040\000D\000e\000s\000c\000r\000i\000p\000t\000i\000o\000n}{subsection.3.63}% 91
\BOOKMARK [2][-]{subsection.3.64}{\376\377\0003\000.\0006\0004\000\040\000t\000o\000p\000o\000l\000o\000g\000y\000\137\000s\000t\000r\000u\000c\000t\000\040\000S\000t\000r\000u\000c\000t\000\040\000R\000e\000f\000e\000r\000e\000n\000c\000e}{section.3}% 92
\BOOKMARK [3][-]{subsubsection.3.64.1}{\376\377\0003\000.\0006\0004\000.\0001\000\040\000D\000e\000t\000a\000i\000l\000e\000d\000\040\000D\000e\000s\000c\000r\000i\000p\000t\000i\000o\000n}{subsection.3.64}% 93
\BOOKMARK [2][-]{subsection.3.65}{\376\377\0003\000.\0006\0005\000\040\000T\000R\000e\000x\000\040\000S\000t\000r\000u\000c\000t\000\040\000R\000e\000f\000e\000r\000e\000n\000c\000e}{section.3}% 94
\BOOKMARK [2][-]{subsection.3.66}{\376\377\0003\000.\0006\0006\000\040\000T\000R\000e\000x\000M\000a\000t\000c\000h\000\040\000S\000t\000r\000u\000c\000t\000\040\000R\000e\000f\000e\000r\000e\000n\000c\000e}{section.3}% 95
\BOOKMARK [1][-]{section.4}{\376\377\0004\000\040\000F\000i\000l\000e\000\040\000D\000o\000c\000u\000m\000e\000n\000t\000a\000t\000i\000o\000n}{}% 96
\BOOKMARK [2][-]{subsection.4.1}{\376\377\0004\000.\0001\000\040\000a\000l\000i\000g\000n\000m\000e\000n\000t\000.\000h\000\040\000F\000i\000l\000e\000\040\000R\000e\000f\000e\000r\000e\000n\000c\000e}{section.4}% 97
\BOOKMARK [3][-]{subsubsection.4.1.1}{\376\377\0004\000.\0001\000.\0001\000\040\000D\000e\000t\000a\000i\000l\000e\000d\000\040\000D\000e\000s\000c\000r\000i\000p\000t\000i\000o\000n}{subsection.4.1}% 98
\BOOKMARK [2][-]{subsection.4.2}{\376\377\0004\000.\0002\000\040\000b\000i\000o\000m\000c\000m\000c\000.\000h\000\040\000F\000i\000l\000e\000\040\000R\000e\000f\000e\000r\000e\000n\000c\000e}{section.4}% 99
\BOOKMARK [3][-]{subsubsection.4.2.1}{\376\377\0004\000.\0002\000.\0001\000\040\000D\000e\000t\000a\000i\000l\000e\000d\000\040\000D\000e\000s\000c\000r\000i\000p\000t\000i\000o\000n}{subsection.4.2}% 100
\BOOKMARK [2][-]{subsection.4.3}{\376\377\0004\000.\0003\000\040\000b\000i\000p\000a\000r\000t\000i\000t\000i\000o\000n\000.\000h\000\040\000F\000i\000l\000e\000\040\000R\000e\000f\000e\000r\000e\000n\000c\000e}{section.4}% 101
\BOOKMARK [3][-]{subsubsection.4.3.1}{\376\377\0004\000.\0003\000.\0001\000\040\000D\000e\000t\000a\000i\000l\000e\000d\000\040\000D\000e\000s\000c\000r\000i\000p\000t\000i\000o\000n}{subsection.4.3}% 102
\BOOKMARK [3][-]{subsubsection.4.3.2}{\376\377\0004\000.\0003\000.\0002\000\040\000F\000u\000n\000c\000t\000i\000o\000n\000\040\000D\000o\000c\000u\000m\000e\000n\000t\000a\000t\000i\000o\000n}{subsection.4.3}% 103
\BOOKMARK [2][-]{subsection.4.4}{\376\377\0004\000.\0004\000\040\000c\000h\000a\000r\000\137\000v\000e\000c\000t\000o\000r\000.\000c\000\040\000F\000i\000l\000e\000\040\000R\000e\000f\000e\000r\000e\000n\000c\000e}{section.4}% 104
\BOOKMARK [3][-]{subsubsection.4.4.1}{\376\377\0004\000.\0004\000.\0001\000\040\000D\000e\000t\000a\000i\000l\000e\000d\000\040\000D\000e\000s\000c\000r\000i\000p\000t\000i\000o\000n}{subsection.4.4}% 105
\BOOKMARK [3][-]{subsubsection.4.4.2}{\376\377\0004\000.\0004\000.\0002\000\040\000F\000u\000n\000c\000t\000i\000o\000n\000\040\000D\000o\000c\000u\000m\000e\000n\000t\000a\000t\000i\000o\000n}{subsection.4.4}% 106
\BOOKMARK [2][-]{subsection.4.5}{\376\377\0004\000.\0005\000\040\000c\000h\000a\000r\000\137\000v\000e\000c\000t\000o\000r\000.\000h\000\040\000F\000i\000l\000e\000\040\000R\000e\000f\000e\000r\000e\000n\000c\000e}{section.4}% 107
\BOOKMARK [3][-]{subsubsection.4.5.1}{\376\377\0004\000.\0005\000.\0001\000\040\000D\000e\000t\000a\000i\000l\000e\000d\000\040\000D\000e\000s\000c\000r\000i\000p\000t\000i\000o\000n}{subsection.4.5}% 108
\BOOKMARK [3][-]{subsubsection.4.5.2}{\376\377\0004\000.\0005\000.\0002\000\040\000F\000u\000n\000c\000t\000i\000o\000n\000\040\000D\000o\000c\000u\000m\000e\000n\000t\000a\000t\000i\000o\000n}{subsection.4.5}% 109
\BOOKMARK [2][-]{subsection.4.6}{\376\377\0004\000.\0006\000\040\000c\000l\000u\000s\000t\000e\000r\000i\000n\000g\000\137\000g\000o\000p\000t\000i\000c\000s\000.\000h\000\040\000F\000i\000l\000e\000\040\000R\000e\000f\000e\000r\000e\000n\000c\000e}{section.4}% 110
\BOOKMARK [3][-]{subsubsection.4.6.1}{\376\377\0004\000.\0006\000.\0001\000\040\000D\000e\000t\000a\000i\000l\000e\000d\000\040\000D\000e\000s\000c\000r\000i\000p\000t\000i\000o\000n}{subsection.4.6}% 111
\BOOKMARK [2][-]{subsection.4.7}{\376\377\0004\000.\0007\000\040\000d\000i\000s\000t\000a\000n\000c\000e\000\137\000g\000e\000n\000e\000r\000a\000t\000o\000r\000.\000h\000\040\000F\000i\000l\000e\000\040\000R\000e\000f\000e\000r\000e\000n\000c\000e}{section.4}% 112
\BOOKMARK [3][-]{subsubsection.4.7.1}{\376\377\0004\000.\0007\000.\0001\000\040\000D\000e\000t\000a\000i\000l\000e\000d\000\040\000D\000e\000s\000c\000r\000i\000p\000t\000i\000o\000n}{subsection.4.7}% 113
\BOOKMARK [2][-]{subsection.4.8}{\376\377\0004\000.\0008\000\040\000d\000i\000s\000t\000a\000n\000c\000e\000\137\000m\000a\000t\000r\000i\000x\000.\000h\000\040\000F\000i\000l\000e\000\040\000R\000e\000f\000e\000r\000e\000n\000c\000e}{section.4}% 114
\BOOKMARK [3][-]{subsubsection.4.8.1}{\376\377\0004\000.\0008\000.\0001\000\040\000D\000e\000t\000a\000i\000l\000e\000d\000\040\000D\000e\000s\000c\000r\000i\000p\000t\000i\000o\000n}{subsection.4.8}% 115
\BOOKMARK [3][-]{subsubsection.4.8.2}{\376\377\0004\000.\0008\000.\0002\000\040\000F\000u\000n\000c\000t\000i\000o\000n\000\040\000D\000o\000c\000u\000m\000e\000n\000t\000a\000t\000i\000o\000n}{subsection.4.8}% 116
\BOOKMARK [2][-]{subsection.4.9}{\376\377\0004\000.\0009\000\040\000e\000m\000p\000i\000r\000i\000c\000a\000l\000\137\000f\000r\000e\000q\000u\000e\000n\000c\000y\000.\000c\000\040\000F\000i\000l\000e\000\040\000R\000e\000f\000e\000r\000e\000n\000c\000e}{section.4}% 117
\BOOKMARK [3][-]{subsubsection.4.9.1}{\376\377\0004\000.\0009\000.\0001\000\040\000D\000e\000t\000a\000i\000l\000e\000d\000\040\000D\000e\000s\000c\000r\000i\000p\000t\000i\000o\000n}{subsection.4.9}% 118
\BOOKMARK [2][-]{subsection.4.10}{\376\377\0004\000.\0001\0000\000\040\000e\000m\000p\000i\000r\000i\000c\000a\000l\000\137\000f\000r\000e\000q\000u\000e\000n\000c\000y\000.\000h\000\040\000F\000i\000l\000e\000\040\000R\000e\000f\000e\000r\000e\000n\000c\000e}{section.4}% 119
\BOOKMARK [3][-]{subsubsection.4.10.1}{\376\377\0004\000.\0001\0000\000.\0001\000\040\000D\000e\000t\000a\000i\000l\000e\000d\000\040\000D\000e\000s\000c\000r\000i\000p\000t\000i\000o\000n}{subsection.4.10}% 120
\BOOKMARK [2][-]{subsection.4.11}{\376\377\0004\000.\0001\0001\000\040\000g\000e\000n\000e\000t\000r\000e\000e\000.\000h\000\040\000F\000i\000l\000e\000\040\000R\000e\000f\000e\000r\000e\000n\000c\000e}{section.4}% 121
\BOOKMARK [3][-]{subsubsection.4.11.1}{\376\377\0004\000.\0001\0001\000.\0001\000\040\000D\000e\000t\000a\000i\000l\000e\000d\000\040\000D\000e\000s\000c\000r\000i\000p\000t\000i\000o\000n}{subsection.4.11}% 122
\BOOKMARK [2][-]{subsection.4.12}{\376\377\0004\000.\0001\0002\000\040\000h\000a\000s\000h\000f\000u\000n\000c\000t\000i\000o\000n\000s\000.\000h\000\040\000F\000i\000l\000e\000\040\000R\000e\000f\000e\000r\000e\000n\000c\000e}{section.4}% 123
\BOOKMARK [3][-]{subsubsection.4.12.1}{\376\377\0004\000.\0001\0002\000.\0001\000\040\000D\000e\000t\000a\000i\000l\000e\000d\000\040\000D\000e\000s\000c\000r\000i\000p\000t\000i\000o\000n}{subsection.4.12}% 124
\BOOKMARK [2][-]{subsection.4.13}{\376\377\0004\000.\0001\0003\000\040\000h\000a\000s\000h\000t\000a\000b\000l\000e\000.\000h\000\040\000F\000i\000l\000e\000\040\000R\000e\000f\000e\000r\000e\000n\000c\000e}{section.4}% 125
\BOOKMARK [3][-]{subsubsection.4.13.1}{\376\377\0004\000.\0001\0003\000.\0001\000\040\000D\000e\000t\000a\000i\000l\000e\000d\000\040\000D\000e\000s\000c\000r\000i\000p\000t\000i\000o\000n}{subsection.4.13}% 126
\BOOKMARK [2][-]{subsection.4.14}{\376\377\0004\000.\0001\0004\000\040\000h\000l\000l\000.\000h\000\040\000F\000i\000l\000e\000\040\000R\000e\000f\000e\000r\000e\000n\000c\000e}{section.4}% 127
\BOOKMARK [3][-]{subsubsection.4.14.1}{\376\377\0004\000.\0001\0004\000.\0001\000\040\000D\000e\000t\000a\000i\000l\000e\000d\000\040\000D\000e\000s\000c\000r\000i\000p\000t\000i\000o\000n}{subsection.4.14}% 128
\BOOKMARK [3][-]{subsubsection.4.14.2}{\376\377\0004\000.\0001\0004\000.\0002\000\040\000T\000y\000p\000e\000d\000e\000f\000\040\000D\000o\000c\000u\000m\000e\000n\000t\000a\000t\000i\000o\000n}{subsection.4.14}% 129
\BOOKMARK [3][-]{subsubsection.4.14.3}{\376\377\0004\000.\0001\0004\000.\0003\000\040\000F\000u\000n\000c\000t\000i\000o\000n\000\040\000D\000o\000c\000u\000m\000e\000n\000t\000a\000t\000i\000o\000n}{subsection.4.14}% 130
\BOOKMARK [2][-]{subsection.4.15}{\376\377\0004\000.\0001\0005\000\040\000k\000m\000e\000r\000h\000a\000s\000h\000.\000h\000\040\000F\000i\000l\000e\000\040\000R\000e\000f\000e\000r\000e\000n\000c\000e}{section.4}% 131
\BOOKMARK [3][-]{subsubsection.4.15.1}{\376\377\0004\000.\0001\0005\000.\0001\000\040\000D\000e\000t\000a\000i\000l\000e\000d\000\040\000D\000e\000s\000c\000r\000i\000p\000t\000i\000o\000n}{subsection.4.15}% 132
\BOOKMARK [2][-]{subsection.4.16}{\376\377\0004\000.\0001\0006\000\040\000l\000o\000w\000l\000e\000v\000e\000l\000.\000c\000\040\000F\000i\000l\000e\000\040\000R\000e\000f\000e\000r\000e\000n\000c\000e}{section.4}% 133
\BOOKMARK [3][-]{subsubsection.4.16.1}{\376\377\0004\000.\0001\0006\000.\0001\000\040\000D\000e\000t\000a\000i\000l\000e\000d\000\040\000D\000e\000s\000c\000r\000i\000p\000t\000i\000o\000n}{subsection.4.16}% 134
\BOOKMARK [3][-]{subsubsection.4.16.2}{\376\377\0004\000.\0001\0006\000.\0002\000\040\000F\000u\000n\000c\000t\000i\000o\000n\000\040\000D\000o\000c\000u\000m\000e\000n\000t\000a\000t\000i\000o\000n}{subsection.4.16}% 135
\BOOKMARK [2][-]{subsection.4.17}{\376\377\0004\000.\0001\0007\000\040\000l\000o\000w\000l\000e\000v\000e\000l\000.\000h\000\040\000F\000i\000l\000e\000\040\000R\000e\000f\000e\000r\000e\000n\000c\000e}{section.4}% 136
\BOOKMARK [3][-]{subsubsection.4.17.1}{\376\377\0004\000.\0001\0007\000.\0001\000\040\000D\000e\000t\000a\000i\000l\000e\000d\000\040\000D\000e\000s\000c\000r\000i\000p\000t\000i\000o\000n}{subsection.4.17}% 137
\BOOKMARK [3][-]{subsubsection.4.17.2}{\376\377\0004\000.\0001\0007\000.\0002\000\040\000M\000a\000c\000r\000o\000\040\000D\000e\000f\000i\000n\000i\000t\000i\000o\000n\000\040\000D\000o\000c\000u\000m\000e\000n\000t\000a\000t\000i\000o\000n}{subsection.4.17}% 138
\BOOKMARK [3][-]{subsubsection.4.17.3}{\376\377\0004\000.\0001\0007\000.\0003\000\040\000F\000u\000n\000c\000t\000i\000o\000n\000\040\000D\000o\000c\000u\000m\000e\000n\000t\000a\000t\000i\000o\000n}{subsection.4.17}% 139
\BOOKMARK [2][-]{subsection.4.18}{\376\377\0004\000.\0001\0008\000\040\000n\000e\000w\000i\000c\000k\000\137\000s\000p\000a\000c\000e\000.\000h\000\040\000F\000i\000l\000e\000\040\000R\000e\000f\000e\000r\000e\000n\000c\000e}{section.4}% 140
\BOOKMARK [3][-]{subsubsection.4.18.1}{\376\377\0004\000.\0001\0008\000.\0001\000\040\000D\000e\000t\000a\000i\000l\000e\000d\000\040\000D\000e\000s\000c\000r\000i\000p\000t\000i\000o\000n}{subsection.4.18}% 141
\BOOKMARK [2][-]{subsection.4.19}{\376\377\0004\000.\0001\0009\000\040\000n\000e\000x\000u\000s\000\137\000c\000o\000m\000m\000o\000n\000.\000h\000\040\000F\000i\000l\000e\000\040\000R\000e\000f\000e\000r\000e\000n\000c\000e}{section.4}% 142
\BOOKMARK [3][-]{subsubsection.4.19.1}{\376\377\0004\000.\0001\0009\000.\0001\000\040\000D\000e\000t\000a\000i\000l\000e\000d\000\040\000D\000e\000s\000c\000r\000i\000p\000t\000i\000o\000n}{subsection.4.19}% 143
\BOOKMARK [2][-]{subsection.4.20}{\376\377\0004\000.\0002\0000\000\040\000p\000a\000r\000s\000i\000m\000o\000n\000y\000.\000h\000\040\000F\000i\000l\000e\000\040\000R\000e\000f\000e\000r\000e\000n\000c\000e}{section.4}% 144
\BOOKMARK [3][-]{subsubsection.4.20.1}{\376\377\0004\000.\0002\0000\000.\0001\000\040\000D\000e\000t\000a\000i\000l\000e\000d\000\040\000D\000e\000s\000c\000r\000i\000p\000t\000i\000o\000n}{subsection.4.20}% 145
\BOOKMARK [2][-]{subsection.4.21}{\376\377\0004\000.\0002\0001\000\040\000p\000r\000o\000b\000\137\000d\000i\000s\000t\000r\000i\000b\000u\000t\000i\000o\000n\000.\000h\000\040\000F\000i\000l\000e\000\040\000R\000e\000f\000e\000r\000e\000n\000c\000e}{section.4}% 146
\BOOKMARK [3][-]{subsubsection.4.21.1}{\376\377\0004\000.\0002\0001\000.\0001\000\040\000D\000e\000t\000a\000i\000l\000e\000d\000\040\000D\000e\000s\000c\000r\000i\000p\000t\000i\000o\000n}{subsection.4.21}% 147
\BOOKMARK [3][-]{subsubsection.4.21.2}{\376\377\0004\000.\0002\0001\000.\0002\000\040\000F\000u\000n\000c\000t\000i\000o\000n\000\040\000D\000o\000c\000u\000m\000e\000n\000t\000a\000t\000i\000o\000n}{subsection.4.21}% 148
\BOOKMARK [2][-]{subsection.4.22}{\376\377\0004\000.\0002\0002\000\040\000p\000r\000o\000b\000\137\000d\000i\000s\000t\000r\000i\000b\000u\000t\000i\000o\000n\000\137\000a\000u\000x\000.\000h\000\040\000F\000i\000l\000e\000\040\000R\000e\000f\000e\000r\000e\000n\000c\000e}{section.4}% 149
\BOOKMARK [3][-]{subsubsection.4.22.1}{\376\377\0004\000.\0002\0002\000.\0001\000\040\000D\000e\000t\000a\000i\000l\000e\000d\000\040\000D\000e\000s\000c\000r\000i\000p\000t\000i\000o\000n}{subsection.4.22}% 150
\BOOKMARK [2][-]{subsection.4.23}{\376\377\0004\000.\0002\0003\000\040\000q\000u\000i\000c\000k\000s\000e\000l\000e\000c\000t\000\137\000q\000u\000a\000n\000t\000i\000l\000e\000.\000h\000\040\000F\000i\000l\000e\000\040\000R\000e\000f\000e\000r\000e\000n\000c\000e}{section.4}% 151
\BOOKMARK [3][-]{subsubsection.4.23.1}{\376\377\0004\000.\0002\0003\000.\0001\000\040\000D\000e\000t\000a\000i\000l\000e\000d\000\040\000D\000e\000s\000c\000r\000i\000p\000t\000i\000o\000n}{subsection.4.23}% 152
\BOOKMARK [2][-]{subsection.4.24}{\376\377\0004\000.\0002\0004\000\040\000r\000a\000n\000d\000o\000m\000\137\000n\000u\000m\000b\000e\000r\000.\000h\000\040\000F\000i\000l\000e\000\040\000R\000e\000f\000e\000r\000e\000n\000c\000e}{section.4}% 153
\BOOKMARK [3][-]{subsubsection.4.24.1}{\376\377\0004\000.\0002\0004\000.\0001\000\040\000D\000e\000t\000a\000i\000l\000e\000d\000\040\000D\000e\000s\000c\000r\000i\000p\000t\000i\000o\000n}{subsection.4.24}% 154
\BOOKMARK [3][-]{subsubsection.4.24.2}{\376\377\0004\000.\0002\0004\000.\0002\000\040\000F\000u\000n\000c\000t\000i\000o\000n\000\040\000D\000o\000c\000u\000m\000e\000n\000t\000a\000t\000i\000o\000n}{subsection.4.24}% 155
\BOOKMARK [2][-]{subsection.4.25}{\376\377\0004\000.\0002\0005\000\040\000r\000a\000n\000d\000o\000m\000\137\000n\000u\000m\000b\000e\000r\000\137\000a\000u\000x\000.\000h\000\040\000F\000i\000l\000e\000\040\000R\000e\000f\000e\000r\000e\000n\000c\000e}{section.4}% 156
\BOOKMARK [3][-]{subsubsection.4.25.1}{\376\377\0004\000.\0002\0005\000.\0001\000\040\000D\000e\000t\000a\000i\000l\000e\000d\000\040\000D\000e\000s\000c\000r\000i\000p\000t\000i\000o\000n}{subsection.4.25}% 157
\BOOKMARK [3][-]{subsubsection.4.25.2}{\376\377\0004\000.\0002\0005\000.\0002\000\040\000V\000a\000r\000i\000a\000b\000l\000e\000\040\000D\000o\000c\000u\000m\000e\000n\000t\000a\000t\000i\000o\000n}{subsection.4.25}% 158
\BOOKMARK [2][-]{subsection.4.26}{\376\377\0004\000.\0002\0006\000\040\000r\000e\000a\000d\000\137\000n\000e\000w\000i\000c\000k\000\137\000t\000r\000e\000e\000s\000.\000h\000\040\000F\000i\000l\000e\000\040\000R\000e\000f\000e\000r\000e\000n\000c\000e}{section.4}% 159
\BOOKMARK [3][-]{subsubsection.4.26.1}{\376\377\0004\000.\0002\0006\000.\0001\000\040\000D\000e\000t\000a\000i\000l\000e\000d\000\040\000D\000e\000s\000c\000r\000i\000p\000t\000i\000o\000n}{subsection.4.26}% 160
\BOOKMARK [2][-]{subsection.4.27}{\376\377\0004\000.\0002\0007\000\040\000r\000e\000c\000o\000n\000c\000i\000l\000i\000a\000t\000i\000o\000n\000.\000h\000\040\000F\000i\000l\000e\000\040\000R\000e\000f\000e\000r\000e\000n\000c\000e}{section.4}% 161
\BOOKMARK [3][-]{subsubsection.4.27.1}{\376\377\0004\000.\0002\0007\000.\0001\000\040\000D\000e\000t\000a\000i\000l\000e\000d\000\040\000D\000e\000s\000c\000r\000i\000p\000t\000i\000o\000n}{subsection.4.27}% 162
\BOOKMARK [2][-]{subsection.4.28}{\376\377\0004\000.\0002\0008\000\040\000s\000p\000l\000i\000t\000s\000e\000t\000\137\000d\000i\000s\000t\000a\000n\000c\000e\000s\000.\000h\000\040\000F\000i\000l\000e\000\040\000R\000e\000f\000e\000r\000e\000n\000c\000e}{section.4}% 163
\BOOKMARK [3][-]{subsubsection.4.28.1}{\376\377\0004\000.\0002\0008\000.\0001\000\040\000D\000e\000t\000a\000i\000l\000e\000d\000\040\000D\000e\000s\000c\000r\000i\000p\000t\000i\000o\000n}{subsection.4.28}% 164
\BOOKMARK [2][-]{subsection.4.29}{\376\377\0004\000.\0002\0009\000\040\000t\000o\000p\000o\000l\000o\000g\000y\000\137\000c\000o\000m\000m\000o\000n\000.\000h\000\040\000F\000i\000l\000e\000\040\000R\000e\000f\000e\000r\000e\000n\000c\000e}{section.4}% 165
\BOOKMARK [3][-]{subsubsection.4.29.1}{\376\377\0004\000.\0002\0009\000.\0001\000\040\000D\000e\000t\000a\000i\000l\000e\000d\000\040\000D\000e\000s\000c\000r\000i\000p\000t\000i\000o\000n}{subsection.4.29}% 166
\BOOKMARK [3][-]{subsubsection.4.29.2}{\376\377\0004\000.\0002\0009\000.\0002\000\040\000F\000u\000n\000c\000t\000i\000o\000n\000\040\000D\000o\000c\000u\000m\000e\000n\000t\000a\000t\000i\000o\000n}{subsection.4.29}% 167
\BOOKMARK [2][-]{subsection.4.30}{\376\377\0004\000.\0003\0000\000\040\000t\000o\000p\000o\000l\000o\000g\000y\000\137\000d\000i\000s\000t\000a\000n\000c\000e\000.\000h\000\040\000F\000i\000l\000e\000\040\000R\000e\000f\000e\000r\000e\000n\000c\000e}{section.4}% 168
\BOOKMARK [3][-]{subsubsection.4.30.1}{\376\377\0004\000.\0003\0000\000.\0001\000\040\000D\000e\000t\000a\000i\000l\000e\000d\000\040\000D\000e\000s\000c\000r\000i\000p\000t\000i\000o\000n}{subsection.4.30}% 169
\BOOKMARK [2][-]{subsection.4.31}{\376\377\0004\000.\0003\0001\000\040\000t\000o\000p\000o\000l\000o\000g\000y\000\137\000r\000a\000n\000d\000o\000m\000i\000s\000e\000.\000h\000\040\000F\000i\000l\000e\000\040\000R\000e\000f\000e\000r\000e\000n\000c\000e}{section.4}% 170
\BOOKMARK [3][-]{subsubsection.4.31.1}{\376\377\0004\000.\0003\0001\000.\0001\000\040\000D\000e\000t\000a\000i\000l\000e\000d\000\040\000D\000e\000s\000c\000r\000i\000p\000t\000i\000o\000n}{subsection.4.31}% 171
\BOOKMARK [2][-]{subsection.4.32}{\376\377\0004\000.\0003\0002\000\040\000t\000o\000p\000o\000l\000o\000g\000y\000\137\000s\000p\000a\000c\000e\000.\000h\000\040\000F\000i\000l\000e\000\040\000R\000e\000f\000e\000r\000e\000n\000c\000e}{section.4}% 172
\BOOKMARK [3][-]{subsubsection.4.32.1}{\376\377\0004\000.\0003\0002\000.\0001\000\040\000D\000e\000t\000a\000i\000l\000e\000d\000\040\000D\000e\000s\000c\000r\000i\000p\000t\000i\000o\000n}{subsection.4.32}% 173
\BOOKMARK [3][-]{subsubsection.4.32.2}{\376\377\0004\000.\0003\0002\000.\0002\000\040\000F\000u\000n\000c\000t\000i\000o\000n\000\040\000D\000o\000c\000u\000m\000e\000n\000t\000a\000t\000i\000o\000n}{subsection.4.32}% 174
\BOOKMARK [2][-]{subsection.4.33}{\376\377\0004\000.\0003\0003\000\040\000u\000p\000g\000m\000a\000.\000h\000\040\000F\000i\000l\000e\000\040\000R\000e\000f\000e\000r\000e\000n\000c\000e}{section.4}% 175
\BOOKMARK [3][-]{subsubsection.4.33.1}{\376\377\0004\000.\0003\0003\000.\0001\000\040\000D\000e\000t\000a\000i\000l\000e\000d\000\040\000D\000e\000s\000c\000r\000i\000p\000t\000i\000o\000n}{subsection.4.33}% 176
\BOOKMARK [1][-]{section*.237}{\376\377\000I\000n\000d\000e\000x}{}% 177
